"../../../Engine/Content/EditorResources/S_Actor.ubulk" 0
"../../../Engine/Content/EditorResources/S_Actor.uasset" 1
"../../../Engine/Content/EditorResources/S_Actor.uexp" 2
"../../../Engine/Content/EditorResources/S_BoxReflectionCapture.uasset" 3
"../../../Engine/Content/EditorResources/S_BoxReflectionCapture.uexp" 4
"../../../Engine/Content/EngineResources/DefaultTexture.ubulk" 5
"../../../Engine/Content/EngineResources/DefaultTexture.uasset" 6
"../../../Engine/Content/EngineResources/DefaultTexture.uexp" 7
"../../../Engine/Content/EngineResources/DefaultTextureCube.uasset" 8
"../../../Engine/Content/EngineResources/DefaultTextureCube.uexp" 9
"../../../Engine/Content/EngineResources/DefaultVolumeTexture2D.uasset" 10
"../../../Engine/Content/EngineResources/DefaultVolumeTexture2D.uexp" 11
"../../../Engine/Content/EngineResources/DefaultVolumeTexture.uasset" 12
"../../../Engine/Content/EngineResources/DefaultVolumeTexture.uexp" 13
"../../../Engine/Content/EditorResources/S_Trigger.ubulk" 14
"../../../Engine/Content/EditorResources/S_Trigger.uasset" 15
"../../../Engine/Content/EditorResources/S_Trigger.uexp" 16
"../../../Engine/Content/EditorResources/S_TriggerBox.uasset" 17
"../../../Engine/Content/EditorResources/S_TriggerBox.uexp" 18
"../../../Engine/Content/EditorResources/S_TriggerCapsule.uasset" 19
"../../../Engine/Content/EditorResources/S_TriggerCapsule.uexp" 20
"../../../Engine/Content/EditorResources/S_TriggerSphere.uasset" 21
"../../../Engine/Content/EditorResources/S_TriggerSphere.uexp" 22
"../../../Engine/Content/EngineMeshes/Sphere.ubulk" 23
"../../../Engine/Content/EngineMeshes/Sphere.uasset" 24
"../../../Engine/Content/EngineMeshes/Sphere.uexp" 25
"../../../Engine/Content/EngineResources/GradientTexture0.uasset" 26
"../../../Engine/Content/EngineResources/GradientTexture0.uexp" 27
"../../../Engine/Content/EngineResources/Black.uasset" 28
"../../../Engine/Content/EngineResources/Black.uexp" 29
"../../../Engine/Content/VREditor/LaserPointer/VR_LaserPower_01.ubulk" 30
"../../../Engine/Content/VREditor/LaserPointer/VR_LaserPower_01.uasset" 31
"../../../Engine/Content/VREditor/LaserPointer/VR_LaserPower_01.uexp" 32
"../../../Engine/Content/VREditor/TransformGizmo/TransformGizmoMaterial.uasset" 33
"../../../Engine/Content/VREditor/TransformGizmo/TransformGizmoMaterial.uexp" 34
"../../../Engine/Content/VREditor/TransformGizmo/TranslucentTransformGizmoMaterial.uasset" 35
"../../../Engine/Content/VREditor/TransformGizmo/TranslucentTransformGizmoMaterial.uexp" 36
"../../../Engine/Content/VREditor/TransformGizmo/PlaneTranslationHandle.ubulk" 37
"../../../Engine/Content/VREditor/TransformGizmo/PlaneTranslationHandle.uasset" 38
"../../../Engine/Content/VREditor/TransformGizmo/PlaneTranslationHandle.uexp" 39
"../../../Engine/Content/VREditor/TransformGizmo/BoundingBoxCorner.ubulk" 40
"../../../Engine/Content/VREditor/TransformGizmo/BoundingBoxCorner.uasset" 41
"../../../Engine/Content/VREditor/TransformGizmo/BoundingBoxCorner.uexp" 42
"../../../Engine/Content/VREditor/TransformGizmo/BoundingBoxEdge.ubulk" 43
"../../../Engine/Content/VREditor/TransformGizmo/BoundingBoxEdge.uasset" 44
"../../../Engine/Content/VREditor/TransformGizmo/BoundingBoxEdge.uexp" 45
"../../../Engine/Content/VREditor/TransformGizmo/Main.uasset" 46
"../../../Engine/Content/VREditor/TransformGizmo/Main.uexp" 47
"../../../Engine/Content/VREditor/TransformGizmo/Xray.uasset" 48
"../../../Engine/Content/VREditor/TransformGizmo/Xray.uexp" 49
"../../../Engine/Content/VREditor/TransformGizmo/SM_Sequencer_Node.ubulk" 50
"../../../Engine/Content/VREditor/TransformGizmo/SM_Sequencer_Node.uasset" 51
"../../../Engine/Content/VREditor/TransformGizmo/SM_Sequencer_Node.uexp" 52
"../../../Engine/Content/EditorMaterials/Camera/CineMat.uasset" 53
"../../../Engine/Content/EditorMaterials/Camera/CineMat.uexp" 54
"../../../Engine/Content/EditorMaterials/Camera/MI_CineMat_Rig.uasset" 55
"../../../Engine/Content/EditorMaterials/Camera/MI_CineMat_Rig.uexp" 56
"../../../Engine/Content/EditorMeshes/Camera/SM_CraneRig_Base.ubulk" 57
"../../../Engine/Content/EditorMeshes/Camera/SM_CraneRig_Base.uasset" 58
"../../../Engine/Content/EditorMeshes/Camera/SM_CraneRig_Base.uexp" 59
"../../../Engine/Content/EditorMeshes/Camera/SM_CraneRig_Arm.ubulk" 60
"../../../Engine/Content/EditorMeshes/Camera/SM_CraneRig_Arm.uasset" 61
"../../../Engine/Content/EditorMeshes/Camera/SM_CraneRig_Arm.uexp" 62
"../../../Engine/Content/EditorMeshes/Camera/SM_CraneRig_Mount.ubulk" 63
"../../../Engine/Content/EditorMeshes/Camera/SM_CraneRig_Mount.uasset" 64
"../../../Engine/Content/EditorMeshes/Camera/SM_CraneRig_Mount.uexp" 65
"../../../Engine/Content/EditorMeshes/Camera/SM_CraneRig_Body.ubulk" 66
"../../../Engine/Content/EditorMeshes/Camera/SM_CraneRig_Body.uasset" 67
"../../../Engine/Content/EditorMeshes/Camera/SM_CraneRig_Body.uexp" 68
"../../../Engine/Content/EditorMeshes/Camera/SM_RailRig_Track.ubulk" 69
"../../../Engine/Content/EditorMeshes/Camera/SM_RailRig_Track.uasset" 70
"../../../Engine/Content/EditorMeshes/Camera/SM_RailRig_Track.uexp" 71
"../../../Engine/Content/EditorMeshes/Camera/SM_RailRig_Mount.ubulk" 72
"../../../Engine/Content/EditorMeshes/Camera/SM_RailRig_Mount.uasset" 73
"../../../Engine/Content/EditorMeshes/Camera/SM_RailRig_Mount.uexp" 74
"../../../Engine/Content/EngineMaterials/T_Default_Material_Grid_M.ubulk" 75
"../../../Engine/Content/EngineMaterials/T_Default_Material_Grid_M.uasset" 76
"../../../Engine/Content/EngineMaterials/T_Default_Material_Grid_M.uexp" 77
"../../../Engine/Content/EngineMaterials/T_Default_Material_Grid_N.ubulk" 78
"../../../Engine/Content/EngineMaterials/T_Default_Material_Grid_N.uasset" 79
"../../../Engine/Content/EngineMaterials/T_Default_Material_Grid_N.uexp" 80
"../../../Engine/Content/Functions/Engine_MaterialFunctions01/Opacity/CameraDepthFade.uasset" 81
"../../../Engine/Content/Functions/Engine_MaterialFunctions01/Opacity/CameraDepthFade.uexp" 82
"../../../Engine/Content/EngineMaterials/WorldGridMaterial.uasset" 83
"../../../Engine/Content/EngineMaterials/WorldGridMaterial.uexp" 84
"../../../Engine/Content/ArtTools/RenderToTexture/Meshes/S_1_Unit_Plane.ubulk" 85
"../../../Engine/Content/ArtTools/RenderToTexture/Meshes/S_1_Unit_Plane.uasset" 86
"../../../Engine/Content/ArtTools/RenderToTexture/Meshes/S_1_Unit_Plane.uexp" 87
"../../../Engine/Content/EditorMaterials/ParticleSystems/PSysThumbnail_NoImage.ubulk" 88
"../../../Engine/Content/EditorMaterials/ParticleSystems/PSysThumbnail_NoImage.uasset" 89
"../../../Engine/Content/EditorMaterials/ParticleSystems/PSysThumbnail_NoImage.uexp" 90
"../../../Engine/Content/EditorMaterials/ParticleSystems/PSysThumbnail_OOD.ubulk" 91
"../../../Engine/Content/EditorMaterials/ParticleSystems/PSysThumbnail_OOD.uasset" 92
"../../../Engine/Content/EditorMaterials/ParticleSystems/PSysThumbnail_OOD.uexp" 93
"../../../Engine/Content/EditorLandscapeResources/SplineEditorMeshMat.uasset" 94
"../../../Engine/Content/EditorLandscapeResources/SplineEditorMeshMat.uexp" 95
"../../../Engine/Content/EditorLandscapeResources/SplineEditorMesh.ubulk" 96
"../../../Engine/Content/EditorLandscapeResources/SplineEditorMesh.uasset" 97
"../../../Engine/Content/EditorLandscapeResources/SplineEditorMesh.uexp" 98
"../../../Engine/Content/EditorResources/S_Solver.ubulk" 99
"../../../Engine/Content/EditorResources/S_Solver.uasset" 100
"../../../Engine/Content/EditorResources/S_Solver.uexp" 101
"../../../Engine/Plugins/Media/MediaPlate/Content/SM_MediaPlateScreen.ubulk" 102
"../../../Engine/Plugins/Media/MediaPlate/Content/SM_MediaPlateScreen.uasset" 103
"../../../Engine/Plugins/Media/MediaPlate/Content/SM_MediaPlateScreen.uexp" 104
"../../../Engine/Content/EngineMaterials/Good64x64TilingNoiseHighFreq.uasset" 105
"../../../Engine/Content/EngineMaterials/Good64x64TilingNoiseHighFreq.uexp" 106
"../../../Engine/Content/EngineMaterials/DefaultBokeh.uasset" 107
"../../../Engine/Content/EngineMaterials/DefaultBokeh.uexp" 108
"../../../Engine/Content/EngineMaterials/PreintegratedSkinBRDF.uasset" 109
"../../../Engine/Content/EngineMaterials/PreintegratedSkinBRDF.uexp" 110
"../../../Engine/Content/EngineMaterials/MiniFont.uasset" 111
"../../../Engine/Content/EngineMaterials/MiniFont.uexp" 112
"../../../Engine/Content/EngineMaterials/WeightMapPlaceholderTexture.uasset" 113
"../../../Engine/Content/EngineMaterials/WeightMapPlaceholderTexture.uexp" 114
"../../../Engine/Content/EngineMaterials/DefaultWhiteGrid.ubulk" 115
"../../../Engine/Content/EngineMaterials/DefaultWhiteGrid.uasset" 116
"../../../Engine/Content/EngineMaterials/DefaultWhiteGrid.uexp" 117
"../../../Engine/Plugins/2D/Paper2D/Content/PlaceholderTextures/DummySpriteTexture.ubulk" 118
"../../../Engine/Plugins/2D/Paper2D/Content/PlaceholderTextures/DummySpriteTexture.uasset" 119
"../../../Engine/Plugins/2D/Paper2D/Content/PlaceholderTextures/DummySpriteTexture.uexp" 120
"../../../Engine/Plugins/2D/Paper2D/Content/DefaultSpriteMaterial.uasset" 121
"../../../Engine/Plugins/2D/Paper2D/Content/DefaultSpriteMaterial.uexp" 122
"../../../Engine/Plugins/2D/Paper2D/Content/OpaqueUnlitSpriteMaterial.uasset" 123
"../../../Engine/Plugins/2D/Paper2D/Content/OpaqueUnlitSpriteMaterial.uexp" 124
"../../../Engine/Plugins/2D/Paper2D/Content/MaskedUnlitSpriteMaterial.uasset" 125
"../../../Engine/Plugins/2D/Paper2D/Content/MaskedUnlitSpriteMaterial.uexp" 126
"../../../Engine/Plugins/2D/Paper2D/Content/DummySprite.uasset" 127
"../../../Engine/Plugins/2D/Paper2D/Content/DummySprite.uexp" 128
"../../../Engine/Plugins/2D/Paper2D/Content/DefaultPaperTerrainMaterial.uasset" 129
"../../../Engine/Plugins/2D/Paper2D/Content/DefaultPaperTerrainMaterial.uexp" 130
"../../../Engine/Content/Functions/Engine_MaterialFunctions02/WorldPositionOffset/CameraOffset.uasset" 131
"../../../Engine/Content/Functions/Engine_MaterialFunctions02/WorldPositionOffset/CameraOffset.uexp" 132
"../../../Engine/Plugins/Animation/ControlRig/Content/M_Manip.uasset" 133
"../../../Engine/Plugins/Animation/ControlRig/Content/M_Manip.uexp" 134
"../../../Engine/Content/Animation/DefaultRecorderBoneCompression.uasset" 135
"../../../Engine/Content/Animation/DefaultRecorderBoneCompression.uexp" 136
"../../../Engine/Content/EditorLandscapeResources/DefaultAlphaTexture.uasset" 137
"../../../Engine/Content/EditorLandscapeResources/DefaultAlphaTexture.uexp" 138
"D:/Enti2022-23/Repos/Vertical_RopeSwing/RopeSwing/RopeSwing2/Content/Inputs/INP_Sprint.uasset" 139
"D:/Enti2022-23/Repos/Vertical_RopeSwing/RopeSwing/RopeSwing2/Content/Inputs/INP_Sprint.uexp" 140
"D:/Enti2022-23/Repos/Vertical_RopeSwing/RopeSwing/RopeSwing2/Content/Inputs/INP_Look.uasset" 141
"D:/Enti2022-23/Repos/Vertical_RopeSwing/RopeSwing/RopeSwing2/Content/Inputs/INP_Look.uexp" 142
"D:/Enti2022-23/Repos/Vertical_RopeSwing/RopeSwing/RopeSwing2/Content/Inputs/INP_Camswitch.uasset" 143
"D:/Enti2022-23/Repos/Vertical_RopeSwing/RopeSwing/RopeSwing2/Content/Inputs/INP_Camswitch.uexp" 144
"D:/Enti2022-23/Repos/Vertical_RopeSwing/RopeSwing/RopeSwing2/Content/Inputs/INP_FireGrapple.uasset" 145
"D:/Enti2022-23/Repos/Vertical_RopeSwing/RopeSwing/RopeSwing2/Content/Inputs/INP_FireGrapple.uexp" 146
"D:/Enti2022-23/Repos/Vertical_RopeSwing/RopeSwing/RopeSwing2/Content/Inputs/INP_ResetMap.uasset" 147
"D:/Enti2022-23/Repos/Vertical_RopeSwing/RopeSwing/RopeSwing2/Content/Inputs/INP_ResetMap.uexp" 148
"D:/Enti2022-23/Repos/Vertical_RopeSwing/RopeSwing/RopeSwing2/Content/Inputs/INP_Jump.uasset" 149
"D:/Enti2022-23/Repos/Vertical_RopeSwing/RopeSwing/RopeSwing2/Content/Inputs/INP_Jump.uexp" 150
"D:/Enti2022-23/Repos/Vertical_RopeSwing/RopeSwing/RopeSwing2/Content/Inputs/INP_Move.uasset" 151
"D:/Enti2022-23/Repos/Vertical_RopeSwing/RopeSwing/RopeSwing2/Content/Inputs/INP_Move.uexp" 152
"D:/Enti2022-23/Repos/Vertical_RopeSwing/RopeSwing/RopeSwing2/Content/Inputs/IMC_ThirdP.uasset" 153
"D:/Enti2022-23/Repos/Vertical_RopeSwing/RopeSwing/RopeSwing2/Content/Inputs/IMC_ThirdP.uexp" 154
"D:/Enti2022-23/Repos/Vertical_RopeSwing/RopeSwing/RopeSwing2/Content/Widgets/W_MainHUD.uasset" 155
"D:/Enti2022-23/Repos/Vertical_RopeSwing/RopeSwing/RopeSwing2/Content/Widgets/W_MainHUD.uexp" 156
"../../../Engine/Content/BasicShapes/BasicShapeMaterial.uasset" 157
"../../../Engine/Content/BasicShapes/BasicShapeMaterial.uexp" 158
"D:/Enti2022-23/Repos/Vertical_RopeSwing/RopeSwing/RopeSwing2/Content/Blueprints/GrappleHook/SM_Grapplehook.uasset" 159
"D:/Enti2022-23/Repos/Vertical_RopeSwing/RopeSwing/RopeSwing2/Content/Blueprints/GrappleHook/SM_Grapplehook.uexp" 160
"D:/Enti2022-23/Repos/Vertical_RopeSwing/RopeSwing/RopeSwing2/Content/Blueprints/GrappleHook/BP_Grapple_Hook.uasset" 161
"D:/Enti2022-23/Repos/Vertical_RopeSwing/RopeSwing/RopeSwing2/Content/Blueprints/GrappleHook/BP_Grapple_Hook.uexp" 162
"D:/Enti2022-23/Repos/Vertical_RopeSwing/RopeSwing/RopeSwing2/Content/Blueprints/GrappleHook/CP_GrappleCable.uasset" 163
"D:/Enti2022-23/Repos/Vertical_RopeSwing/RopeSwing/RopeSwing2/Content/Blueprints/GrappleHook/CP_GrappleCable.uexp" 164
"D:/Enti2022-23/Repos/Vertical_RopeSwing/RopeSwing/RopeSwing2/Content/Blueprints/GrappleHook/EGrappleHook.uasset" 165
"D:/Enti2022-23/Repos/Vertical_RopeSwing/RopeSwing/RopeSwing2/Content/Blueprints/GrappleHook/EGrappleHook.uexp" 166
"D:/Enti2022-23/Repos/Vertical_RopeSwing/RopeSwing/RopeSwing2/Content/Blueprints/GrappleHook/GrappleComponent.uasset" 167
"D:/Enti2022-23/Repos/Vertical_RopeSwing/RopeSwing/RopeSwing2/Content/Blueprints/GrappleHook/GrappleComponent.uexp" 168
"D:/Enti2022-23/Repos/Vertical_RopeSwing/RopeSwing/RopeSwing2/Content/Imports/Assets/PC_Imports/Android__2__Skeleton.uasset" 169
"D:/Enti2022-23/Repos/Vertical_RopeSwing/RopeSwing/RopeSwing2/Content/Imports/Assets/PC_Imports/Android__2__Skeleton.uexp" 170
"../../../Engine/Content/Animation/DefaultAnimCurveCompressionSettings.uasset" 171
"../../../Engine/Content/Animation/DefaultAnimCurveCompressionSettings.uexp" 172
"../../../Engine/Content/Animation/DefaultAnimBoneCompressionSettings.uasset" 173
"../../../Engine/Content/Animation/DefaultAnimBoneCompressionSettings.uexp" 174
"D:/Enti2022-23/Repos/Vertical_RopeSwing/RopeSwing/RopeSwing2/Content/Imports/Assets/PC_Imports/Anims/idle__2_.uasset" 175
"D:/Enti2022-23/Repos/Vertical_RopeSwing/RopeSwing/RopeSwing2/Content/Imports/Assets/PC_Imports/Anims/idle__2_.uexp" 176
"D:/Enti2022-23/Repos/Vertical_RopeSwing/RopeSwing/RopeSwing2/Content/Imports/Assets/PC_Imports/Anims/walking.uasset" 177
"D:/Enti2022-23/Repos/Vertical_RopeSwing/RopeSwing/RopeSwing2/Content/Imports/Assets/PC_Imports/Anims/walking.uexp" 178
"D:/Enti2022-23/Repos/Vertical_RopeSwing/RopeSwing/RopeSwing2/Content/Imports/Assets/PC_Imports/Anims/running.uasset" 179
"D:/Enti2022-23/Repos/Vertical_RopeSwing/RopeSwing/RopeSwing2/Content/Imports/Assets/PC_Imports/Anims/running.uexp" 180
"D:/Enti2022-23/Repos/Vertical_RopeSwing/RopeSwing/RopeSwing2/Content/Animation/BS_WalkRun.uasset" 181
"D:/Enti2022-23/Repos/Vertical_RopeSwing/RopeSwing/RopeSwing2/Content/Animation/BS_WalkRun.uexp" 182
"D:/Enti2022-23/Repos/Vertical_RopeSwing/RopeSwing/RopeSwing2/Content/Imports/Assets/PC_Imports/Anims/jumping_up.uasset" 183
"D:/Enti2022-23/Repos/Vertical_RopeSwing/RopeSwing/RopeSwing2/Content/Imports/Assets/PC_Imports/Anims/jumping_up.uexp" 184
"D:/Enti2022-23/Repos/Vertical_RopeSwing/RopeSwing/RopeSwing2/Content/Imports/Assets/PC_Imports/Anims/falling_idle.uasset" 185
"D:/Enti2022-23/Repos/Vertical_RopeSwing/RopeSwing/RopeSwing2/Content/Imports/Assets/PC_Imports/Anims/falling_idle.uexp" 186
"D:/Enti2022-23/Repos/Vertical_RopeSwing/RopeSwing/RopeSwing2/Content/Animation/ABP_PlayerChar.uasset" 187
"D:/Enti2022-23/Repos/Vertical_RopeSwing/RopeSwing/RopeSwing2/Content/Animation/ABP_PlayerChar.uexp" 188
"D:/Enti2022-23/Repos/Vertical_RopeSwing/RopeSwing/RopeSwing2/Content/Blueprints/Wallrun/EWallrunEndReason.uasset" 189
"D:/Enti2022-23/Repos/Vertical_RopeSwing/RopeSwing/RopeSwing2/Content/Blueprints/Wallrun/EWallrunEndReason.uexp" 190
"../../../Engine/Content/VREditor/Sounds/UI/Floating_UI_Open.ubulk" 191
"../../../Engine/Content/VREditor/Sounds/UI/Floating_UI_Open.uasset" 192
"../../../Engine/Content/VREditor/Sounds/UI/Floating_UI_Open.uexp" 193
"D:/Enti2022-23/Repos/Vertical_RopeSwing/RopeSwing/RopeSwing2/Content/Imports/Assets/PC_Imports/Material__32mat.uasset" 194
"D:/Enti2022-23/Repos/Vertical_RopeSwing/RopeSwing/RopeSwing2/Content/Imports/Assets/PC_Imports/Material__32mat.uexp" 195
"D:/Enti2022-23/Repos/Vertical_RopeSwing/RopeSwing/RopeSwing2/Content/Imports/Assets/PC_Imports/Material__31mat.uasset" 196
"D:/Enti2022-23/Repos/Vertical_RopeSwing/RopeSwing/RopeSwing2/Content/Imports/Assets/PC_Imports/Material__31mat.uexp" 197
"D:/Enti2022-23/Repos/Vertical_RopeSwing/RopeSwing/RopeSwing2/Content/Imports/Assets/PC_Imports/Tex_0000_0_ddsmat.uasset" 198
"D:/Enti2022-23/Repos/Vertical_RopeSwing/RopeSwing/RopeSwing2/Content/Imports/Assets/PC_Imports/Tex_0000_0_ddsmat.uexp" 199
"D:/Enti2022-23/Repos/Vertical_RopeSwing/RopeSwing/RopeSwing2/Content/Imports/Assets/PC_Imports/Material__33mat.uasset" 200
"D:/Enti2022-23/Repos/Vertical_RopeSwing/RopeSwing/RopeSwing2/Content/Imports/Assets/PC_Imports/Material__33mat.uexp" 201
"D:/Enti2022-23/Repos/Vertical_RopeSwing/RopeSwing/RopeSwing2/Content/Imports/Assets/PC_Imports/Android__2__PhysicsAsset.uasset" 202
"D:/Enti2022-23/Repos/Vertical_RopeSwing/RopeSwing/RopeSwing2/Content/Imports/Assets/PC_Imports/Android__2__PhysicsAsset.uexp" 203
"D:/Enti2022-23/Repos/Vertical_RopeSwing/RopeSwing/RopeSwing2/Content/Imports/Assets/PC_Imports/Android__2_.uasset" 204
"D:/Enti2022-23/Repos/Vertical_RopeSwing/RopeSwing/RopeSwing2/Content/Imports/Assets/PC_Imports/Android__2_.uexp" 205
"D:/Enti2022-23/Repos/Vertical_RopeSwing/RopeSwing/RopeSwing2/Content/Widgets/W_Timer.uasset" 206
"D:/Enti2022-23/Repos/Vertical_RopeSwing/RopeSwing/RopeSwing2/Content/Widgets/W_Timer.uexp" 207
"../../../Engine/Content/EditorBlueprintResources/StandardMacros.uasset" 208
"../../../Engine/Content/EditorBlueprintResources/StandardMacros.uexp" 209
"D:/Enti2022-23/Repos/Vertical_RopeSwing/RopeSwing/RopeSwing2/Content/Blueprints/Wallrun/EWallrunSide.uasset" 210
"D:/Enti2022-23/Repos/Vertical_RopeSwing/RopeSwing/RopeSwing2/Content/Blueprints/Wallrun/EWallrunSide.uexp" 211
"D:/Enti2022-23/Repos/Vertical_RopeSwing/RopeSwing/RopeSwing2/Content/Blueprints/BP_PlayerChar.uasset" 212
"D:/Enti2022-23/Repos/Vertical_RopeSwing/RopeSwing/RopeSwing2/Content/Blueprints/BP_PlayerChar.uexp" 213
"../../../Engine/Plugins/Runtime/MeshModelingToolset/Content/Materials/M_DynamicMeshComponentVtxColor.uasset" 214
"../../../Engine/Plugins/Runtime/MeshModelingToolset/Content/Materials/M_DynamicMeshComponentVtxColor.uexp" 215
"../../../Engine/Plugins/Interchange/Runtime/Content/Pipelines/DefaultTexturePipeline.uasset" 216
"../../../Engine/Plugins/Interchange/Runtime/Content/Pipelines/DefaultTexturePipeline.uexp" 217
"../../../Engine/Plugins/Interchange/Runtime/Content/Pipelines/DefaultSceneLevelPipeline.uasset" 218
"../../../Engine/Plugins/Interchange/Runtime/Content/Pipelines/DefaultSceneLevelPipeline.uexp" 219
"../../../Engine/Plugins/Interchange/Runtime/Content/Pipelines/DefaultSceneAssetsPipeline.uasset" 220
"../../../Engine/Plugins/Interchange/Runtime/Content/Pipelines/DefaultSceneAssetsPipeline.uexp" 221
"../../../Engine/Plugins/Interchange/Runtime/Content/Pipelines/DefaultMaterialPipeline.uasset" 222
"../../../Engine/Plugins/Interchange/Runtime/Content/Pipelines/DefaultMaterialPipeline.uexp" 223
"../../../Engine/Plugins/Interchange/Runtime/Content/Pipelines/DefaultAssetsPipeline.uasset" 224
"../../../Engine/Plugins/Interchange/Runtime/Content/Pipelines/DefaultAssetsPipeline.uexp" 225
"../../../Engine/Plugins/Editor/SpeedTreeImporter/Content/SpeedTree9/game_wind_noise.ubulk" 226
"../../../Engine/Plugins/Editor/SpeedTreeImporter/Content/SpeedTree9/game_wind_noise.uasset" 227
"../../../Engine/Plugins/Editor/SpeedTreeImporter/Content/SpeedTree9/game_wind_noise.uexp" 228
"../../../Engine/Plugins/Editor/SpeedTreeImporter/Content/SpeedTree9/UnpackDirection.uasset" 229
"../../../Engine/Plugins/Editor/SpeedTreeImporter/Content/SpeedTree9/UnpackDirection.uexp" 230
"../../../Engine/Content/Functions/Engine_MaterialFunctions02/ObjectLocalBounds.uasset" 231
"../../../Engine/Content/Functions/Engine_MaterialFunctions02/ObjectLocalBounds.uexp" 232
"../../../Engine/Content/Functions/Engine_MaterialFunctions02/Utility/BreakOutFloat3Components.uasset" 233
"../../../Engine/Content/Functions/Engine_MaterialFunctions02/Utility/BreakOutFloat3Components.uexp" 234
"../../../Engine/Content/Functions/Engine_MaterialFunctions02/UVs/BoundingBoxBased_0-1_UVW.uasset" 235
"../../../Engine/Content/Functions/Engine_MaterialFunctions02/UVs/BoundingBoxBased_0-1_UVW.uexp" 236
"../../../Engine/Content/Functions/Engine_MaterialFunctions02/Utility/VectorLength.uasset" 237
"../../../Engine/Content/Functions/Engine_MaterialFunctions02/Utility/VectorLength.uexp" 238
"../../../Engine/Plugins/Editor/SpeedTreeImporter/Content/SpeedTree9/UnpackInteger3.uasset" 239
"../../../Engine/Plugins/Editor/SpeedTreeImporter/Content/SpeedTree9/UnpackInteger3.uexp" 240
"../../../Engine/Plugins/Editor/SpeedTreeImporter/Content/SpeedTree9/SpeedTreeCameraFacing.uasset" 241
"../../../Engine/Plugins/Editor/SpeedTreeImporter/Content/SpeedTree9/SpeedTreeCameraFacing.uexp" 242
"../../../Engine/Content/Functions/Engine_MaterialFunctions02/WorldPositionOffset/ObjectScale.uasset" 243
"../../../Engine/Content/Functions/Engine_MaterialFunctions02/WorldPositionOffset/ObjectScale.uexp" 244
"../../../Engine/Content/Functions/Engine_MaterialFunctions02/SafeNormalize.uasset" 245
"../../../Engine/Content/Functions/Engine_MaterialFunctions02/SafeNormalize.uexp" 246
"../../../Engine/Plugins/Editor/SpeedTreeImporter/Content/SpeedTree9/SpeedTreeWindMotion.uasset" 247
"../../../Engine/Plugins/Editor/SpeedTreeImporter/Content/SpeedTree9/SpeedTreeWindMotion.uexp" 248
"../../../Engine/Plugins/Editor/SpeedTreeImporter/Content/SpeedTree9/SpeedTreeBranchMotion.uasset" 249
"../../../Engine/Plugins/Editor/SpeedTreeImporter/Content/SpeedTree9/SpeedTreeBranchMotion.uexp" 250
"../../../Engine/Plugins/Editor/SpeedTreeImporter/Content/SpeedTree9/SpeedTreeWind.uasset" 251
"../../../Engine/Plugins/Editor/SpeedTreeImporter/Content/SpeedTree9/SpeedTreeWind.uexp" 252
"../../../Engine/Plugins/Editor/SpeedTreeImporter/Content/SpeedTree9/EmptyNormal.uasset" 253
"../../../Engine/Plugins/Editor/SpeedTreeImporter/Content/SpeedTree9/EmptyNormal.uexp" 254
"../../../Engine/Plugins/Editor/SpeedTreeImporter/Content/SpeedTree9/Empty.uasset" 255
"../../../Engine/Plugins/Editor/SpeedTreeImporter/Content/SpeedTree9/Empty.uexp" 256
"../../../Engine/Plugins/Editor/SpeedTreeImporter/Content/SpeedTree9/SpeedTreeMaster.uasset" 257
"../../../Engine/Plugins/Editor/SpeedTreeImporter/Content/SpeedTree9/SpeedTreeMaster.uexp" 258
"../../../Engine/Plugins/Editor/SpeedTreeImporter/Content/SpeedTree9/SpeedTreeBillboard.uasset" 259
"../../../Engine/Plugins/Editor/SpeedTreeImporter/Content/SpeedTree9/SpeedTreeBillboard.uexp" 260
"../../../Engine/Plugins/Editor/SpeedTreeImporter/Content/SpeedTree9/SpeedTreeBillboardMaster.uasset" 261
"../../../Engine/Plugins/Editor/SpeedTreeImporter/Content/SpeedTree9/SpeedTreeBillboardMaster.uexp" 262
"../../../Engine/Plugins/Animation/ControlRig/Content/Controls/DefaultGizmoLibraryNormalized.uasset" 263
"../../../Engine/Plugins/Animation/ControlRig/Content/Controls/DefaultGizmoLibraryNormalized.uexp" 264
"../../../Engine/Plugins/Animation/ControlRig/Content/Controls/ControlRig_Wedge_solid.ubulk" 265
"../../../Engine/Plugins/Animation/ControlRig/Content/Controls/ControlRig_Wedge_solid.uasset" 266
"../../../Engine/Plugins/Animation/ControlRig/Content/Controls/ControlRig_Wedge_solid.uexp" 267
"../../../Engine/Plugins/Animation/ControlRig/Content/Controls/ControlRig_Wedge_3mm.ubulk" 268
"../../../Engine/Plugins/Animation/ControlRig/Content/Controls/ControlRig_Wedge_3mm.uasset" 269
"../../../Engine/Plugins/Animation/ControlRig/Content/Controls/ControlRig_Wedge_3mm.uexp" 270
"../../../Engine/Plugins/Animation/ControlRig/Content/Controls/ControlRig_Wedge_1mm.ubulk" 271
"../../../Engine/Plugins/Animation/ControlRig/Content/Controls/ControlRig_Wedge_1mm.uasset" 272
"../../../Engine/Plugins/Animation/ControlRig/Content/Controls/ControlRig_Wedge_1mm.uexp" 273
"../../../Engine/Plugins/Animation/ControlRig/Content/Controls/ControlRig_Triangle_solid.ubulk" 274
"../../../Engine/Plugins/Animation/ControlRig/Content/Controls/ControlRig_Triangle_solid.uasset" 275
"../../../Engine/Plugins/Animation/ControlRig/Content/Controls/ControlRig_Triangle_solid.uexp" 276
"../../../Engine/Plugins/Animation/ControlRig/Content/Controls/ControlRig_Triangle_3mm.ubulk" 277
"../../../Engine/Plugins/Animation/ControlRig/Content/Controls/ControlRig_Triangle_3mm.uasset" 278
"../../../Engine/Plugins/Animation/ControlRig/Content/Controls/ControlRig_Triangle_3mm.uexp" 279
"../../../Engine/Plugins/Animation/ControlRig/Content/Controls/ControlRig_Triangle_1mm.ubulk" 280
"../../../Engine/Plugins/Animation/ControlRig/Content/Controls/ControlRig_Triangle_1mm.uasset" 281
"../../../Engine/Plugins/Animation/ControlRig/Content/Controls/ControlRig_Triangle_1mm.uexp" 282
"../../../Engine/Plugins/Animation/ControlRig/Content/Controls/ControlRig_Star4_solid.ubulk" 283
"../../../Engine/Plugins/Animation/ControlRig/Content/Controls/ControlRig_Star4_solid.uasset" 284
"../../../Engine/Plugins/Animation/ControlRig/Content/Controls/ControlRig_Star4_solid.uexp" 285
"../../../Engine/Plugins/Animation/ControlRig/Content/Controls/ControlRig_Star4_3mm.ubulk" 286
"../../../Engine/Plugins/Animation/ControlRig/Content/Controls/ControlRig_Star4_3mm.uasset" 287
"../../../Engine/Plugins/Animation/ControlRig/Content/Controls/ControlRig_Star4_3mm.uexp" 288
"../../../Engine/Plugins/Animation/ControlRig/Content/Controls/ControlRig_Star4_1mm.ubulk" 289
"../../../Engine/Plugins/Animation/ControlRig/Content/Controls/ControlRig_Star4_1mm.uasset" 290
"../../../Engine/Plugins/Animation/ControlRig/Content/Controls/ControlRig_Star4_1mm.uexp" 291
"../../../Engine/Plugins/Animation/ControlRig/Content/Controls/ControlRig_Square_solid.ubulk" 292
"../../../Engine/Plugins/Animation/ControlRig/Content/Controls/ControlRig_Square_solid.uasset" 293
"../../../Engine/Plugins/Animation/ControlRig/Content/Controls/ControlRig_Square_solid.uexp" 294
"../../../Engine/Plugins/Animation/ControlRig/Content/Controls/ControlRig_Square_3mm.ubulk" 295
"../../../Engine/Plugins/Animation/ControlRig/Content/Controls/ControlRig_Square_3mm.uasset" 296
"../../../Engine/Plugins/Animation/ControlRig/Content/Controls/ControlRig_Square_3mm.uexp" 297
"../../../Engine/Plugins/Animation/ControlRig/Content/Controls/ControlRig_Square_1mm.ubulk" 298
"../../../Engine/Plugins/Animation/ControlRig/Content/Controls/ControlRig_Square_1mm.uasset" 299
"../../../Engine/Plugins/Animation/ControlRig/Content/Controls/ControlRig_Square_1mm.uexp" 300
"../../../Engine/Plugins/Animation/ControlRig/Content/Controls/ControlRig_Sphere_solid.ubulk" 301
"../../../Engine/Plugins/Animation/ControlRig/Content/Controls/ControlRig_Sphere_solid.uasset" 302
"../../../Engine/Plugins/Animation/ControlRig/Content/Controls/ControlRig_Sphere_solid.uexp" 303
"../../../Engine/Plugins/Animation/ControlRig/Content/Controls/ControlRig_Sphere_3mm.ubulk" 304
"../../../Engine/Plugins/Animation/ControlRig/Content/Controls/ControlRig_Sphere_3mm.uasset" 305
"../../../Engine/Plugins/Animation/ControlRig/Content/Controls/ControlRig_Sphere_3mm.uexp" 306
"../../../Engine/Plugins/Animation/ControlRig/Content/Controls/ControlRig_Sphere_1mm.ubulk" 307
"../../../Engine/Plugins/Animation/ControlRig/Content/Controls/ControlRig_Sphere_1mm.uasset" 308
"../../../Engine/Plugins/Animation/ControlRig/Content/Controls/ControlRig_Sphere_1mm.uexp" 309
"../../../Engine/Plugins/Animation/ControlRig/Content/Controls/ControlRig_RoundedTriangle_solid.ubulk" 310
"../../../Engine/Plugins/Animation/ControlRig/Content/Controls/ControlRig_RoundedTriangle_solid.uasset" 311
"../../../Engine/Plugins/Animation/ControlRig/Content/Controls/ControlRig_RoundedTriangle_solid.uexp" 312
"../../../Engine/Plugins/Animation/ControlRig/Content/Controls/ControlRig_RoundedTriangle_3mm.ubulk" 313
"../../../Engine/Plugins/Animation/ControlRig/Content/Controls/ControlRig_RoundedTriangle_3mm.uasset" 314
"../../../Engine/Plugins/Animation/ControlRig/Content/Controls/ControlRig_RoundedTriangle_3mm.uexp" 315
"../../../Engine/Plugins/Animation/ControlRig/Content/Controls/ControlRig_RoundedTriangle_1mm.ubulk" 316
"../../../Engine/Plugins/Animation/ControlRig/Content/Controls/ControlRig_RoundedTriangle_1mm.uasset" 317
"../../../Engine/Plugins/Animation/ControlRig/Content/Controls/ControlRig_RoundedTriangle_1mm.uexp" 318
"../../../Engine/Plugins/Animation/ControlRig/Content/Controls/ControlRig_RoundedSquare_solid.ubulk" 319
"../../../Engine/Plugins/Animation/ControlRig/Content/Controls/ControlRig_RoundedSquare_solid.uasset" 320
"../../../Engine/Plugins/Animation/ControlRig/Content/Controls/ControlRig_RoundedSquare_solid.uexp" 321
"../../../Engine/Plugins/Animation/ControlRig/Content/Controls/ControlRig_RoundedSquare_3mm.ubulk" 322
"../../../Engine/Plugins/Animation/ControlRig/Content/Controls/ControlRig_RoundedSquare_3mm.uasset" 323
"../../../Engine/Plugins/Animation/ControlRig/Content/Controls/ControlRig_RoundedSquare_3mm.uexp" 324
"../../../Engine/Plugins/Animation/ControlRig/Content/Controls/ControlRig_RoundedSquare_1mm.ubulk" 325
"../../../Engine/Plugins/Animation/ControlRig/Content/Controls/ControlRig_RoundedSquare_1mm.uasset" 326
"../../../Engine/Plugins/Animation/ControlRig/Content/Controls/ControlRig_RoundedSquare_1mm.uexp" 327
"../../../Engine/Plugins/Animation/ControlRig/Content/Controls/ControlRig_QuarterCircle_solid.ubulk" 328
"../../../Engine/Plugins/Animation/ControlRig/Content/Controls/ControlRig_QuarterCircle_solid.uasset" 329
"../../../Engine/Plugins/Animation/ControlRig/Content/Controls/ControlRig_QuarterCircle_solid.uexp" 330
"../../../Engine/Plugins/Animation/ControlRig/Content/Controls/ControlRig_QuarterCircle_3mm.ubulk" 331
"../../../Engine/Plugins/Animation/ControlRig/Content/Controls/ControlRig_QuarterCircle_3mm.uasset" 332
"../../../Engine/Plugins/Animation/ControlRig/Content/Controls/ControlRig_QuarterCircle_3mm.uexp" 333
"../../../Engine/Plugins/Animation/ControlRig/Content/Controls/ControlRig_QuarterCircle_1mm.ubulk" 334
"../../../Engine/Plugins/Animation/ControlRig/Content/Controls/ControlRig_QuarterCircle_1mm.uasset" 335
"../../../Engine/Plugins/Animation/ControlRig/Content/Controls/ControlRig_QuarterCircle_1mm.uexp" 336
"../../../Engine/Plugins/Animation/ControlRig/Content/Controls/ControlRig_Pyramid_solid.ubulk" 337
"../../../Engine/Plugins/Animation/ControlRig/Content/Controls/ControlRig_Pyramid_solid.uasset" 338
"../../../Engine/Plugins/Animation/ControlRig/Content/Controls/ControlRig_Pyramid_solid.uexp" 339
"../../../Engine/Plugins/Animation/ControlRig/Content/Controls/ControlRig_Pyramid_3mm.ubulk" 340
"../../../Engine/Plugins/Animation/ControlRig/Content/Controls/ControlRig_Pyramid_3mm.uasset" 341
"../../../Engine/Plugins/Animation/ControlRig/Content/Controls/ControlRig_Pyramid_3mm.uexp" 342
"../../../Engine/Plugins/Animation/ControlRig/Content/Controls/ControlRig_Pyramid_1mm.ubulk" 343
"../../../Engine/Plugins/Animation/ControlRig/Content/Controls/ControlRig_Pyramid_1mm.uasset" 344
"../../../Engine/Plugins/Animation/ControlRig/Content/Controls/ControlRig_Pyramid_1mm.uexp" 345
"../../../Engine/Plugins/Animation/ControlRig/Content/Controls/ControlRig_Octagon_solid.ubulk" 346
"../../../Engine/Plugins/Animation/ControlRig/Content/Controls/ControlRig_Octagon_solid.uasset" 347
"../../../Engine/Plugins/Animation/ControlRig/Content/Controls/ControlRig_Octagon_solid.uexp" 348
"../../../Engine/Plugins/Animation/ControlRig/Content/Controls/ControlRig_Octagon_3mm.ubulk" 349
"../../../Engine/Plugins/Animation/ControlRig/Content/Controls/ControlRig_Octagon_3mm.uasset" 350
"../../../Engine/Plugins/Animation/ControlRig/Content/Controls/ControlRig_Octagon_3mm.uexp" 351
"../../../Engine/Plugins/Animation/ControlRig/Content/Controls/ControlRig_Octagon_1mm.ubulk" 352
"../../../Engine/Plugins/Animation/ControlRig/Content/Controls/ControlRig_Octagon_1mm.uasset" 353
"../../../Engine/Plugins/Animation/ControlRig/Content/Controls/ControlRig_Octagon_1mm.uexp" 354
"../../../Engine/Plugins/Animation/ControlRig/Content/Controls/ControlRig_Hexagon_solid.ubulk" 355
"../../../Engine/Plugins/Animation/ControlRig/Content/Controls/ControlRig_Hexagon_solid.uasset" 356
"../../../Engine/Plugins/Animation/ControlRig/Content/Controls/ControlRig_Hexagon_solid.uexp" 357
"../../../Engine/Plugins/Animation/ControlRig/Content/Controls/ControlRig_Hexagon_3mm.ubulk" 358
"../../../Engine/Plugins/Animation/ControlRig/Content/Controls/ControlRig_Hexagon_3mm.uasset" 359
"../../../Engine/Plugins/Animation/ControlRig/Content/Controls/ControlRig_Hexagon_3mm.uexp" 360
"../../../Engine/Plugins/Animation/ControlRig/Content/Controls/ControlRig_Hexagon_1mm.ubulk" 361
"../../../Engine/Plugins/Animation/ControlRig/Content/Controls/ControlRig_Hexagon_1mm.uasset" 362
"../../../Engine/Plugins/Animation/ControlRig/Content/Controls/ControlRig_Hexagon_1mm.uexp" 363
"../../../Engine/Plugins/Animation/ControlRig/Content/Controls/ControlRig_HalfCircle_solid.ubulk" 364
"../../../Engine/Plugins/Animation/ControlRig/Content/Controls/ControlRig_HalfCircle_solid.uasset" 365
"../../../Engine/Plugins/Animation/ControlRig/Content/Controls/ControlRig_HalfCircle_solid.uexp" 366
"../../../Engine/Plugins/Animation/ControlRig/Content/Controls/ControlRig_HalfCircle_3mm.ubulk" 367
"../../../Engine/Plugins/Animation/ControlRig/Content/Controls/ControlRig_HalfCircle_3mm.uasset" 368
"../../../Engine/Plugins/Animation/ControlRig/Content/Controls/ControlRig_HalfCircle_3mm.uexp" 369
"../../../Engine/Plugins/Animation/ControlRig/Content/Controls/ControlRig_HalfCircle_1mm.ubulk" 370
"../../../Engine/Plugins/Animation/ControlRig/Content/Controls/ControlRig_HalfCircle_1mm.uasset" 371
"../../../Engine/Plugins/Animation/ControlRig/Content/Controls/ControlRig_HalfCircle_1mm.uexp" 372
"../../../Engine/Plugins/Animation/ControlRig/Content/Controls/ControlRig_Diamond_solid.ubulk" 373
"../../../Engine/Plugins/Animation/ControlRig/Content/Controls/ControlRig_Diamond_solid.uasset" 374
"../../../Engine/Plugins/Animation/ControlRig/Content/Controls/ControlRig_Diamond_solid.uexp" 375
"../../../Engine/Plugins/Animation/ControlRig/Content/Controls/ControlRig_Diamond_3mm.ubulk" 376
"../../../Engine/Plugins/Animation/ControlRig/Content/Controls/ControlRig_Diamond_3mm.uasset" 377
"../../../Engine/Plugins/Animation/ControlRig/Content/Controls/ControlRig_Diamond_3mm.uexp" 378
"../../../Engine/Plugins/Animation/ControlRig/Content/Controls/ControlRig_Diamond_1mm.ubulk" 379
"../../../Engine/Plugins/Animation/ControlRig/Content/Controls/ControlRig_Diamond_1mm.uasset" 380
"../../../Engine/Plugins/Animation/ControlRig/Content/Controls/ControlRig_Diamond_1mm.uexp" 381
"../../../Engine/Plugins/Animation/ControlRig/Content/Controls/ControlRig_Circle_solid.ubulk" 382
"../../../Engine/Plugins/Animation/ControlRig/Content/Controls/ControlRig_Circle_solid.uasset" 383
"../../../Engine/Plugins/Animation/ControlRig/Content/Controls/ControlRig_Circle_solid.uexp" 384
"../../../Engine/Plugins/Animation/ControlRig/Content/Controls/ControlRig_Circle_3mm.ubulk" 385
"../../../Engine/Plugins/Animation/ControlRig/Content/Controls/ControlRig_Circle_3mm.uasset" 386
"../../../Engine/Plugins/Animation/ControlRig/Content/Controls/ControlRig_Circle_3mm.uexp" 387
"../../../Engine/Plugins/Animation/ControlRig/Content/Controls/ControlRig_Circle_1mm.ubulk" 388
"../../../Engine/Plugins/Animation/ControlRig/Content/Controls/ControlRig_Circle_1mm.uasset" 389
"../../../Engine/Plugins/Animation/ControlRig/Content/Controls/ControlRig_Circle_1mm.uexp" 390
"../../../Engine/Plugins/Animation/ControlRig/Content/Controls/ControlRig_Box_solid.ubulk" 391
"../../../Engine/Plugins/Animation/ControlRig/Content/Controls/ControlRig_Box_solid.uasset" 392
"../../../Engine/Plugins/Animation/ControlRig/Content/Controls/ControlRig_Box_solid.uexp" 393
"../../../Engine/Plugins/Animation/ControlRig/Content/Controls/ControlRig_Box_3mm.ubulk" 394
"../../../Engine/Plugins/Animation/ControlRig/Content/Controls/ControlRig_Box_3mm.uasset" 395
"../../../Engine/Plugins/Animation/ControlRig/Content/Controls/ControlRig_Box_3mm.uexp" 396
"../../../Engine/Plugins/Animation/ControlRig/Content/Controls/ControlRig_Box_1mm.ubulk" 397
"../../../Engine/Plugins/Animation/ControlRig/Content/Controls/ControlRig_Box_1mm.uasset" 398
"../../../Engine/Plugins/Animation/ControlRig/Content/Controls/ControlRig_Box_1mm.uexp" 399
"../../../Engine/Plugins/Animation/ControlRig/Content/Controls/ControlRig_Arrow_solid.ubulk" 400
"../../../Engine/Plugins/Animation/ControlRig/Content/Controls/ControlRig_Arrow_solid.uasset" 401
"../../../Engine/Plugins/Animation/ControlRig/Content/Controls/ControlRig_Arrow_solid.uexp" 402
"../../../Engine/Plugins/Animation/ControlRig/Content/Controls/ControlRig_Arrow_3mm.ubulk" 403
"../../../Engine/Plugins/Animation/ControlRig/Content/Controls/ControlRig_Arrow_3mm.uasset" 404
"../../../Engine/Plugins/Animation/ControlRig/Content/Controls/ControlRig_Arrow_3mm.uexp" 405
"../../../Engine/Plugins/Animation/ControlRig/Content/Controls/ControlRig_Arrow_1mm.ubulk" 406
"../../../Engine/Plugins/Animation/ControlRig/Content/Controls/ControlRig_Arrow_1mm.uasset" 407
"../../../Engine/Plugins/Animation/ControlRig/Content/Controls/ControlRig_Arrow_1mm.uexp" 408
"../../../Engine/Plugins/Animation/ControlRig/Content/Controls/ControlRig_Arrow4_solid.ubulk" 409
"../../../Engine/Plugins/Animation/ControlRig/Content/Controls/ControlRig_Arrow4_solid.uasset" 410
"../../../Engine/Plugins/Animation/ControlRig/Content/Controls/ControlRig_Arrow4_solid.uexp" 411
"../../../Engine/Plugins/Animation/ControlRig/Content/Controls/ControlRig_Arrow4_3mm.ubulk" 412
"../../../Engine/Plugins/Animation/ControlRig/Content/Controls/ControlRig_Arrow4_3mm.uasset" 413
"../../../Engine/Plugins/Animation/ControlRig/Content/Controls/ControlRig_Arrow4_3mm.uexp" 414
"../../../Engine/Plugins/Animation/ControlRig/Content/Controls/ControlRig_Arrow4_1mm.ubulk" 415
"../../../Engine/Plugins/Animation/ControlRig/Content/Controls/ControlRig_Arrow4_1mm.uasset" 416
"../../../Engine/Plugins/Animation/ControlRig/Content/Controls/ControlRig_Arrow4_1mm.uexp" 417
"../../../Engine/Plugins/Animation/ControlRig/Content/Controls/ControlRig_Arrow2_solid.ubulk" 418
"../../../Engine/Plugins/Animation/ControlRig/Content/Controls/ControlRig_Arrow2_solid.uasset" 419
"../../../Engine/Plugins/Animation/ControlRig/Content/Controls/ControlRig_Arrow2_solid.uexp" 420
"../../../Engine/Plugins/Animation/ControlRig/Content/Controls/ControlRig_Arrow2_3mm.ubulk" 421
"../../../Engine/Plugins/Animation/ControlRig/Content/Controls/ControlRig_Arrow2_3mm.uasset" 422
"../../../Engine/Plugins/Animation/ControlRig/Content/Controls/ControlRig_Arrow2_3mm.uexp" 423
"../../../Engine/Plugins/Animation/ControlRig/Content/Controls/ControlRig_Arrow2_1mm.ubulk" 424
"../../../Engine/Plugins/Animation/ControlRig/Content/Controls/ControlRig_Arrow2_1mm.uasset" 425
"../../../Engine/Plugins/Animation/ControlRig/Content/Controls/ControlRig_Arrow2_1mm.uexp" 426
"../../../Engine/Plugins/Animation/ControlRig/Content/Controls/ControlRigXRayMaterial.uasset" 427
"../../../Engine/Plugins/Animation/ControlRig/Content/Controls/ControlRigXRayMaterial.uexp" 428
"../../../Engine/Plugins/Animation/ControlRig/Content/Controls/ControlRigGizmoMaterial.uasset" 429
"../../../Engine/Plugins/Animation/ControlRig/Content/Controls/ControlRigGizmoMaterial.uexp" 430
"../../../Engine/Content/EngineSounds/Master.uasset" 431
"../../../Engine/Content/EngineSounds/Master.uexp" 432
"../../../Engine/Content/EngineResources/WhiteSquareTexture.uasset" 433
"../../../Engine/Content/EngineResources/WhiteSquareTexture.uexp" 434
"../../../Engine/Content/EngineMaterials/Widget3DPassThrough.uasset" 435
"../../../Engine/Content/EngineMaterials/Widget3DPassThrough.uexp" 436
"../../../Engine/Content/EngineMaterials/Widget3DPassThrough_Translucent.uasset" 437
"../../../Engine/Content/EngineMaterials/Widget3DPassThrough_Translucent.uexp" 438
"../../../Engine/Content/EngineMaterials/Widget3DPassThrough_Translucent_OneSided.uasset" 439
"../../../Engine/Content/EngineMaterials/Widget3DPassThrough_Translucent_OneSided.uexp" 440
"../../../Engine/Content/EngineMaterials/Widget3DPassThrough_Opaque.uasset" 441
"../../../Engine/Content/EngineMaterials/Widget3DPassThrough_Opaque.uexp" 442
"../../../Engine/Content/EngineMaterials/Widget3DPassThrough_Opaque_OneSided.uasset" 443
"../../../Engine/Content/EngineMaterials/Widget3DPassThrough_Opaque_OneSided.uexp" 444
"../../../Engine/Content/EngineMaterials/Widget3DPassThrough_Masked_OneSided.uasset" 445
"../../../Engine/Content/EngineMaterials/Widget3DPassThrough_Masked_OneSided.uexp" 446
"../../../Engine/Content/EngineMaterials/Widget3DPassThrough_Masked.uasset" 447
"../../../Engine/Content/EngineMaterials/Widget3DPassThrough_Masked.uexp" 448
"../../../Engine/Content/EngineMaterials/STBlueNoise_vec2_128x128x64.uasset" 449
"../../../Engine/Content/EngineMaterials/STBlueNoise_vec2_128x128x64.uexp" 450
"../../../Engine/Content/EngineMaterials/STBlueNoise_scalar_128x128x64.uasset" 451
"../../../Engine/Content/EngineMaterials/STBlueNoise_scalar_128x128x64.uexp" 452
"../../../Engine/Content/EngineMaterials/RemoveSurfaceMaterial.uasset" 453
"../../../Engine/Content/EngineMaterials/RemoveSurfaceMaterial.uexp" 454
"../../../Engine/Content/EngineMaterials/DefaultCalibrationGrayscale.uasset" 455
"../../../Engine/Content/EngineMaterials/DefaultCalibrationGrayscale.uexp" 456
"../../../Engine/Content/EngineMaterials/PPM_DefaultCalibrationGrayscale.uasset" 457
"../../../Engine/Content/EngineMaterials/PPM_DefaultCalibrationGrayscale.uexp" 458
"../../../Engine/Content/EngineMaterials/DefaultCalibrationColor.uasset" 459
"../../../Engine/Content/EngineMaterials/DefaultCalibrationColor.uexp" 460
"../../../Engine/Content/EngineMaterials/PPM_DefaultCalibrationColor.uasset" 461
"../../../Engine/Content/EngineMaterials/PPM_DefaultCalibrationColor.uexp" 462
"../../../Engine/Content/EngineMaterials/PhAT_JointLimitMaterial.uasset" 463
"../../../Engine/Content/EngineMaterials/PhAT_JointLimitMaterial.uexp" 464
"../../../Engine/Content/EngineMaterials/NaniteHiddenSectionMaterial.uasset" 465
"../../../Engine/Content/EngineMaterials/NaniteHiddenSectionMaterial.uexp" 466
"../../../Engine/Content/EngineMaterials/InvalidLightmapSettings.ubulk" 467
"../../../Engine/Content/EngineMaterials/InvalidLightmapSettings.uasset" 468
"../../../Engine/Content/EngineMaterials/InvalidLightmapSettings.uexp" 469
"../../../Engine/Content/EngineMaterials/M_InvalidLightmapSettings.uasset" 470
"../../../Engine/Content/EngineMaterials/M_InvalidLightmapSettings.uexp" 471
"../../../Engine/Content/EngineMaterials/GizmoMaterial.uasset" 472
"../../../Engine/Content/EngineMaterials/GizmoMaterial.uexp" 473
"../../../Engine/Content/EngineMaterials/BaseFlattenEmissiveMap_VT.uasset" 474
"../../../Engine/Content/EngineMaterials/BaseFlattenEmissiveMap_VT.uexp" 475
"../../../Engine/Content/EngineMaterials/BaseFlattenGrayscaleMap_VT.uasset" 476
"../../../Engine/Content/EngineMaterials/BaseFlattenGrayscaleMap_VT.uexp" 477
"../../../Engine/Content/EngineMaterials/BaseFlattenLinearColor_VT.uasset" 478
"../../../Engine/Content/EngineMaterials/BaseFlattenLinearColor_VT.uexp" 479
"../../../Engine/Content/EngineMaterials/Black_1x1_EXR_Texture_VT.uasset" 480
"../../../Engine/Content/EngineMaterials/Black_1x1_EXR_Texture_VT.uexp" 481
"../../../Engine/Content/EngineMaterials/BaseFlattenDiffuseMap_VT.uasset" 482
"../../../Engine/Content/EngineMaterials/BaseFlattenDiffuseMap_VT.uexp" 483
"../../../Engine/Content/EngineMaterials/BaseFlattenNormalMap_VT.uasset" 484
"../../../Engine/Content/EngineMaterials/BaseFlattenNormalMap_VT.uexp" 485
"../../../Engine/Content/EngineMaterials/FlattenMaterial_WS_Normal_VT.uasset" 486
"../../../Engine/Content/EngineMaterials/FlattenMaterial_WS_Normal_VT.uexp" 487
"../../../Engine/Content/EngineMaterials/FlattenMaterial_VT.uasset" 488
"../../../Engine/Content/EngineMaterials/FlattenMaterial_VT.uexp" 489
"../../../Engine/Content/EngineMaterials/BaseFlattenNormalMap.uasset" 490
"../../../Engine/Content/EngineMaterials/BaseFlattenNormalMap.uexp" 491
"../../../Engine/Content/EngineMaterials/BaseFlattenGrayscaleMap.uasset" 492
"../../../Engine/Content/EngineMaterials/BaseFlattenGrayscaleMap.uexp" 493
"../../../Engine/Content/EngineMaterials/BaseFlattenDiffuseMap.uasset" 494
"../../../Engine/Content/EngineMaterials/BaseFlattenDiffuseMap.uexp" 495
"../../../Engine/Content/Functions/Engine_MaterialFunctions02/PivotPainter2/Black_1x1_EXR_Texture.uasset" 496
"../../../Engine/Content/Functions/Engine_MaterialFunctions02/PivotPainter2/Black_1x1_EXR_Texture.uexp" 497
"../../../Engine/Content/EngineMaterials/BaseFlattenEmissiveMap.uasset" 498
"../../../Engine/Content/EngineMaterials/BaseFlattenEmissiveMap.uexp" 499
"../../../Engine/Content/EngineMaterials/BaseFlattenLinearColor.uasset" 500
"../../../Engine/Content/EngineMaterials/BaseFlattenLinearColor.uexp" 501
"../../../Engine/Content/EngineMaterials/FlattenMaterial.uasset" 502
"../../../Engine/Content/EngineMaterials/FlattenMaterial.uexp" 503
"../../../Engine/Content/EngineMaterials/DefaultWhiteGrid_Low.uasset" 504
"../../../Engine/Content/EngineMaterials/DefaultWhiteGrid_Low.uexp" 505
"../../../Engine/Content/EngineMaterials/EmissiveMeshMaterial.uasset" 506
"../../../Engine/Content/EngineMaterials/EmissiveMeshMaterial.uexp" 507
"../../../Engine/Content/EngineFonts/RobotoDistanceField.uasset" 508
"../../../Engine/Content/EngineFonts/RobotoDistanceField.uexp" 509
"../../../Engine/Content/EngineMaterials/DefaultTextMaterialOpaque.uasset" 510
"../../../Engine/Content/EngineMaterials/DefaultTextMaterialOpaque.uexp" 511
"../../../Engine/Content/EngineMaterials/DefaultDiffuse.ubulk" 512
"../../../Engine/Content/EngineMaterials/DefaultDiffuse.uasset" 513
"../../../Engine/Content/EngineMaterials/DefaultDiffuse.uexp" 514
"../../../Engine/Content/Functions/Engine_MaterialFunctions02/Utility/BreakOutFloat2Components.uasset" 515
"../../../Engine/Content/Functions/Engine_MaterialFunctions02/Utility/BreakOutFloat2Components.uexp" 516
"../../../Engine/Content/EngineMaterials/DefaultPostProcessMaterial.uasset" 517
"../../../Engine/Content/EngineMaterials/DefaultPostProcessMaterial.uexp" 518
"../../../Engine/Content/EngineMaterials/DefaultPhysicalMaterial.uasset" 519
"../../../Engine/Content/EngineMaterials/DefaultPhysicalMaterial.uexp" 520
"../../../Engine/Content/EngineMaterials/DefaultLightFunctionMaterial.uasset" 521
"../../../Engine/Content/EngineMaterials/DefaultLightFunctionMaterial.uexp" 522
"../../../Engine/Content/EngineMaterials/DefaultDestructiblePhysicalMaterial.uasset" 523
"../../../Engine/Content/EngineMaterials/DefaultDestructiblePhysicalMaterial.uexp" 524
"../../../Engine/Content/EngineMaterials/DefaultDeferredDecalMaterial.uasset" 525
"../../../Engine/Content/EngineMaterials/DefaultDeferredDecalMaterial.uexp" 526
"../../../Engine/Content/EngineMaterials/DefaultBloomKernel.uasset" 527
"../../../Engine/Content/EngineMaterials/DefaultBloomKernel.uexp" 528
"../../../Engine/Content/EngineFonts/Faces/RobotoLight.uexp" 529
"../../../Engine/Content/EngineFonts/Faces/RobotoLight.uasset" 530
"../../../Engine/Content/EngineFonts/Faces/RobotoLight.ufont" 531
"../../../Engine/Content/EngineFonts/Faces/RobotoBold.uexp" 532
"../../../Engine/Content/EngineFonts/Faces/RobotoBold.uasset" 533
"../../../Engine/Content/EngineFonts/Faces/RobotoBold.ufont" 534
"../../../Engine/Content/EngineFonts/Faces/RobotoRegular.uexp" 535
"../../../Engine/Content/EngineFonts/Faces/RobotoRegular.uasset" 536
"../../../Engine/Content/EngineFonts/Faces/RobotoRegular.ufont" 537
"../../../Engine/Content/EngineFonts/Faces/DroidSansFallback.uexp" 538
"../../../Engine/Content/EngineFonts/Faces/DroidSansFallback.uasset" 539
"../../../Engine/Content/EngineFonts/Faces/DroidSansFallback.ufont" 540
"../../../Engine/Content/EngineFonts/Faces/RobotoItalic.uexp" 541
"../../../Engine/Content/EngineFonts/Faces/RobotoItalic.uasset" 542
"../../../Engine/Content/EngineFonts/Faces/RobotoItalic.ufont" 543
"../../../Engine/Content/EngineFonts/Faces/RobotoBoldItalic.uexp" 544
"../../../Engine/Content/EngineFonts/Faces/RobotoBoldItalic.uasset" 545
"../../../Engine/Content/EngineFonts/Faces/RobotoBoldItalic.ufont" 546
"../../../Engine/Content/EngineFonts/Roboto.uasset" 547
"../../../Engine/Content/EngineFonts/Roboto.uexp" 548
"../../../Engine/Content/Functions/Engine_MaterialFunctions02/Utility/CameraDirectionVector.uasset" 549
"../../../Engine/Content/Functions/Engine_MaterialFunctions02/Utility/CameraDirectionVector.uexp" 550
"../../../Engine/Content/EngineDebugMaterials/VolumeToRender.uasset" 551
"../../../Engine/Content/EngineDebugMaterials/VolumeToRender.uexp" 552
"../../../Engine/Content/EngineDebugMaterials/M_VolumeRenderSphereTracePP.uasset" 553
"../../../Engine/Content/EngineDebugMaterials/M_VolumeRenderSphereTracePP.uexp" 554
"../../../Engine/Content/EngineDebugMaterials/M_SimpleUnlitTranslucent.uasset" 555
"../../../Engine/Content/EngineDebugMaterials/M_SimpleUnlitTranslucent.uexp" 556
"../../../Engine/Content/EngineDebugMaterials/DebugMeshMaterial.uasset" 557
"../../../Engine/Content/EngineDebugMaterials/DebugMeshMaterial.uexp" 558
"../../../Engine/Content/EngineDebugMaterials/DebugEditorMaterial.uasset" 559
"../../../Engine/Content/EngineDebugMaterials/DebugEditorMaterial.uexp" 560
"../../../Engine/Content/EngineDamageTypes/DmgTypeBP_Environmental.uasset" 561
"../../../Engine/Content/EngineDamageTypes/DmgTypeBP_Environmental.uexp" 562
"../../../Engine/Content/EditorResources/S_Terrain.ubulk" 563
"../../../Engine/Content/EditorResources/S_Terrain.uasset" 564
"../../../Engine/Content/EditorResources/S_Terrain.uexp" 565
"../../../Engine/Content/EditorResources/EmptyActor.uasset" 566
"../../../Engine/Content/EditorResources/EmptyActor.uexp" 567
"../../../Engine/Content/EditorResources/BSPVertex.uasset" 568
"../../../Engine/Content/EditorResources/BSPVertex.uexp" 569
"../../../Engine/Content/EditorMaterials/PreviewShadowIndicator.ubulk" 570
"../../../Engine/Content/EditorMaterials/PreviewShadowIndicator.uasset" 571
"../../../Engine/Content/EditorMaterials/PreviewShadowIndicator.uexp" 572
"../../../Engine/Content/EditorMaterials/PreviewShadowIndicatorMaterial.uasset" 573
"../../../Engine/Content/EditorMaterials/PreviewShadowIndicatorMaterial.uexp" 574
"../../../Engine/Content/EditorMaterials/PhAT_UnselectedMaterial.uasset" 575
"../../../Engine/Content/EditorMaterials/PhAT_UnselectedMaterial.uexp" 576
"../../../Engine/Content/EditorMaterials/PhAT_NoCollisionMaterial.uasset" 577
"../../../Engine/Content/EditorMaterials/PhAT_NoCollisionMaterial.uexp" 578
"../../../Engine/Content/EditorLandscapeResources/DataLayer.uasset" 579
"../../../Engine/Content/EditorLandscapeResources/DataLayer.uexp" 580
"../../../Engine/Content/EngineMaterials/DefaultMaterial.uasset" 581
"../../../Engine/Content/EngineMaterials/DefaultMaterial.uexp" 582
"../../../Engine/Content/BasicShapes/Sphere.ubulk" 583
"../../../Engine/Content/BasicShapes/Sphere.uasset" 584
"../../../Engine/Content/BasicShapes/Sphere.uexp" 585
"../../../Engine/Content/BasicShapes/Plane.ubulk" 586
"../../../Engine/Content/BasicShapes/Plane.uasset" 587
"../../../Engine/Content/BasicShapes/Plane.uexp" 588
"../../../Engine/Content/BasicShapes/Cylinder.ubulk" 589
"../../../Engine/Content/BasicShapes/Cylinder.uasset" 590
"../../../Engine/Content/BasicShapes/Cylinder.uexp" 591
"../../../Engine/Content/BasicShapes/Cone.ubulk" 592
"../../../Engine/Content/BasicShapes/Cone.uasset" 593
"../../../Engine/Content/BasicShapes/Cone.uexp" 594
"D:/Enti2022-23/Repos/Vertical_RopeSwing/RopeSwing/RopeSwing2/Content/Imports/LevelPrototyping/Textures/T_GridChecker_A.ubulk" 595
"D:/Enti2022-23/Repos/Vertical_RopeSwing/RopeSwing/RopeSwing2/Content/Imports/LevelPrototyping/Textures/T_GridChecker_A.uasset" 596
"D:/Enti2022-23/Repos/Vertical_RopeSwing/RopeSwing/RopeSwing2/Content/Imports/LevelPrototyping/Textures/T_GridChecker_A.uexp" 597
"../../../Engine/Content/Functions/Engine_MaterialFunctions02/Utility/MakeFloat3.uasset" 598
"../../../Engine/Content/Functions/Engine_MaterialFunctions02/Utility/MakeFloat3.uexp" 599
"../../../Engine/Content/Functions/Engine_MaterialFunctions01/Gradient/LinearGradient.uasset" 600
"../../../Engine/Content/Functions/Engine_MaterialFunctions01/Gradient/LinearGradient.uexp" 601
"../../../Engine/Content/Functions/Engine_MaterialFunctions01/ImageAdjustment/CheapContrast.uasset" 602
"../../../Engine/Content/Functions/Engine_MaterialFunctions01/ImageAdjustment/CheapContrast.uexp" 603
"D:/Enti2022-23/Repos/Vertical_RopeSwing/RopeSwing/RopeSwing2/Content/Imports/LevelPrototyping/Materials/MF_ProcGrid.uasset" 604
"D:/Enti2022-23/Repos/Vertical_RopeSwing/RopeSwing/RopeSwing2/Content/Imports/LevelPrototyping/Materials/MF_ProcGrid.uexp" 605
"D:/Enti2022-23/Repos/Vertical_RopeSwing/RopeSwing/RopeSwing2/Content/Imports/LevelPrototyping/Materials/M_PrototypeGrid.uasset" 606
"D:/Enti2022-23/Repos/Vertical_RopeSwing/RopeSwing/RopeSwing2/Content/Imports/LevelPrototyping/Materials/M_PrototypeGrid.uexp" 607
"D:/Enti2022-23/Repos/Vertical_RopeSwing/RopeSwing/RopeSwing2/Content/Imports/LevelPrototyping/Materials/MI_PrototypeGrid_Gray_02.uasset" 608
"D:/Enti2022-23/Repos/Vertical_RopeSwing/RopeSwing/RopeSwing2/Content/Imports/LevelPrototyping/Materials/MI_PrototypeGrid_Gray_02.uexp" 609
"D:/Enti2022-23/Repos/Vertical_RopeSwing/RopeSwing/RopeSwing2/Content/Imports/Sound/367070-SFX-Footstep-Brick-4-F.ubulk" 610
"D:/Enti2022-23/Repos/Vertical_RopeSwing/RopeSwing/RopeSwing2/Content/Imports/Sound/367070-SFX-Footstep-Brick-4-F.uasset" 611
"D:/Enti2022-23/Repos/Vertical_RopeSwing/RopeSwing/RopeSwing2/Content/Imports/Sound/367070-SFX-Footstep-Brick-4-F.uexp" 612
"D:/Enti2022-23/Repos/Vertical_RopeSwing/RopeSwing/RopeSwing2/Content/Imports/Sound/367069-SFX-Footstep-Brick-3-F.ubulk" 613
"D:/Enti2022-23/Repos/Vertical_RopeSwing/RopeSwing/RopeSwing2/Content/Imports/Sound/367069-SFX-Footstep-Brick-3-F.uasset" 614
"D:/Enti2022-23/Repos/Vertical_RopeSwing/RopeSwing/RopeSwing2/Content/Imports/Sound/367069-SFX-Footstep-Brick-3-F.uexp" 615
"D:/Enti2022-23/Repos/Vertical_RopeSwing/RopeSwing/RopeSwing2/Content/Imports/Sound/367068-SFX-Footstep-Brick-2-F.ubulk" 616
"D:/Enti2022-23/Repos/Vertical_RopeSwing/RopeSwing/RopeSwing2/Content/Imports/Sound/367068-SFX-Footstep-Brick-2-F.uasset" 617
"D:/Enti2022-23/Repos/Vertical_RopeSwing/RopeSwing/RopeSwing2/Content/Imports/Sound/367068-SFX-Footstep-Brick-2-F.uexp" 618
"D:/Enti2022-23/Repos/Vertical_RopeSwing/RopeSwing/RopeSwing2/Content/Imports/Sound/367067-SFX-Footstep-Brick-1-F.ubulk" 619
"D:/Enti2022-23/Repos/Vertical_RopeSwing/RopeSwing/RopeSwing2/Content/Imports/Sound/367067-SFX-Footstep-Brick-1-F.uasset" 620
"D:/Enti2022-23/Repos/Vertical_RopeSwing/RopeSwing/RopeSwing2/Content/Imports/Sound/367067-SFX-Footstep-Brick-1-F.uexp" 621
"D:/Enti2022-23/Repos/Vertical_RopeSwing/RopeSwing/RopeSwing2/Content/Imports/LevelPrototyping/Materials/MI_PrototypeGrid_Gray.uasset" 622
"D:/Enti2022-23/Repos/Vertical_RopeSwing/RopeSwing/RopeSwing2/Content/Imports/LevelPrototyping/Materials/MI_PrototypeGrid_Gray.uexp" 623
"D:/Enti2022-23/Repos/Vertical_RopeSwing/RopeSwing/RopeSwing2/Content/Imports/LevelPrototyping/Meshes/SM_Ramp.ubulk" 624
"D:/Enti2022-23/Repos/Vertical_RopeSwing/RopeSwing/RopeSwing2/Content/Imports/LevelPrototyping/Meshes/SM_Ramp.uasset" 625
"D:/Enti2022-23/Repos/Vertical_RopeSwing/RopeSwing/RopeSwing2/Content/Imports/LevelPrototyping/Meshes/SM_Ramp.uexp" 626
"D:/Enti2022-23/Repos/Vertical_RopeSwing/RopeSwing/RopeSwing2/Content/Imports/LevelPrototyping/Meshes/SM_QuarterCylinder.ubulk" 627
"D:/Enti2022-23/Repos/Vertical_RopeSwing/RopeSwing/RopeSwing2/Content/Imports/LevelPrototyping/Meshes/SM_QuarterCylinder.uasset" 628
"D:/Enti2022-23/Repos/Vertical_RopeSwing/RopeSwing/RopeSwing2/Content/Imports/LevelPrototyping/Meshes/SM_QuarterCylinder.uexp" 629
"D:/Enti2022-23/Repos/Vertical_RopeSwing/RopeSwing/RopeSwing2/Content/Imports/LevelPrototyping/Meshes/SM_Cylinder.ubulk" 630
"D:/Enti2022-23/Repos/Vertical_RopeSwing/RopeSwing/RopeSwing2/Content/Imports/LevelPrototyping/Meshes/SM_Cylinder.uasset" 631
"D:/Enti2022-23/Repos/Vertical_RopeSwing/RopeSwing/RopeSwing2/Content/Imports/LevelPrototyping/Meshes/SM_Cylinder.uexp" 632
"D:/Enti2022-23/Repos/Vertical_RopeSwing/RopeSwing/RopeSwing2/Content/Imports/LevelPrototyping/Meshes/SM_Cube.ubulk" 633
"D:/Enti2022-23/Repos/Vertical_RopeSwing/RopeSwing/RopeSwing2/Content/Imports/LevelPrototyping/Meshes/SM_Cube.uasset" 634
"D:/Enti2022-23/Repos/Vertical_RopeSwing/RopeSwing/RopeSwing2/Content/Imports/LevelPrototyping/Meshes/SM_Cube.uexp" 635
"D:/Enti2022-23/Repos/Vertical_RopeSwing/RopeSwing/RopeSwing2/Content/Imports/LevelPrototyping/Materials/M_Solid.uasset" 636
"D:/Enti2022-23/Repos/Vertical_RopeSwing/RopeSwing/RopeSwing2/Content/Imports/LevelPrototyping/Materials/M_Solid.uexp" 637
"D:/Enti2022-23/Repos/Vertical_RopeSwing/RopeSwing/RopeSwing2/Content/Imports/LevelPrototyping/Materials/MI_Solid_Blue.uasset" 638
"D:/Enti2022-23/Repos/Vertical_RopeSwing/RopeSwing/RopeSwing2/Content/Imports/LevelPrototyping/Materials/MI_Solid_Blue.uexp" 639
"D:/Enti2022-23/Repos/Vertical_RopeSwing/RopeSwing/RopeSwing2/Content/Imports/LevelPrototyping/Meshes/SM_ChamferCube.ubulk" 640
"D:/Enti2022-23/Repos/Vertical_RopeSwing/RopeSwing/RopeSwing2/Content/Imports/LevelPrototyping/Meshes/SM_ChamferCube.uasset" 641
"D:/Enti2022-23/Repos/Vertical_RopeSwing/RopeSwing/RopeSwing2/Content/Imports/LevelPrototyping/Meshes/SM_ChamferCube.uexp" 642
"D:/Enti2022-23/Repos/Vertical_RopeSwing/RopeSwing/RopeSwing2/Content/Imports/LevelPrototyping/Materials/MI_PrototypeGrid_TopDark.uasset" 643
"D:/Enti2022-23/Repos/Vertical_RopeSwing/RopeSwing/RopeSwing2/Content/Imports/LevelPrototyping/Materials/MI_PrototypeGrid_TopDark.uexp" 644
"D:/Enti2022-23/Repos/Vertical_RopeSwing/RopeSwing/RopeSwing2/Content/Imports/Assets/Skeletons/wayne_PhysicsAsset.uasset" 645
"D:/Enti2022-23/Repos/Vertical_RopeSwing/RopeSwing/RopeSwing2/Content/Imports/Assets/Skeletons/wayne_PhysicsAsset.uexp" 646
"D:/Enti2022-23/Repos/Vertical_RopeSwing/RopeSwing/RopeSwing2/Content/Imports/Assets/Skeletons/wayne_Skeleton.uasset" 647
"D:/Enti2022-23/Repos/Vertical_RopeSwing/RopeSwing/RopeSwing2/Content/Imports/Assets/Skeletons/wayne_Skeleton.uexp" 648
"D:/Enti2022-23/Repos/Vertical_RopeSwing/RopeSwing/RopeSwing2/Content/Imports/Assets/Skeletons/wayne.uasset" 649
"D:/Enti2022-23/Repos/Vertical_RopeSwing/RopeSwing/RopeSwing2/Content/Imports/Assets/Skeletons/wayne.uexp" 650
"D:/Enti2022-23/Repos/Vertical_RopeSwing/RopeSwing/RopeSwing2/Content/Imports/Assets/Skeletons/nevec_Skeleton.uasset" 651
"D:/Enti2022-23/Repos/Vertical_RopeSwing/RopeSwing/RopeSwing2/Content/Imports/Assets/Skeletons/nevec_Skeleton.uexp" 652
"D:/Enti2022-23/Repos/Vertical_RopeSwing/RopeSwing/RopeSwing2/Content/Imports/Assets/Skeletons/nevec_PhysicsAsset.uasset" 653
"D:/Enti2022-23/Repos/Vertical_RopeSwing/RopeSwing/RopeSwing2/Content/Imports/Assets/Skeletons/nevec_PhysicsAsset.uexp" 654
"D:/Enti2022-23/Repos/Vertical_RopeSwing/RopeSwing/RopeSwing2/Content/Imports/Assets/Skeletons/nevec.uasset" 655
"D:/Enti2022-23/Repos/Vertical_RopeSwing/RopeSwing/RopeSwing2/Content/Imports/Assets/Skeletons/nevec.uexp" 656
"D:/Enti2022-23/Repos/Vertical_RopeSwing/RopeSwing/RopeSwing2/Content/Imports/Assets/CB/WPN_Crossbow/Crossbow_upgrade_materl.uasset" 657
"D:/Enti2022-23/Repos/Vertical_RopeSwing/RopeSwing/RopeSwing2/Content/Imports/Assets/CB/WPN_Crossbow/Crossbow_upgrade_materl.uexp" 658
"D:/Enti2022-23/Repos/Vertical_RopeSwing/RopeSwing/RopeSwing2/Content/Imports/Assets/CB/WPN_Crossbow/Crossbow_materl.uasset" 659
"D:/Enti2022-23/Repos/Vertical_RopeSwing/RopeSwing/RopeSwing2/Content/Imports/Assets/CB/WPN_Crossbow/Crossbow_materl.uexp" 660
"D:/Enti2022-23/Repos/Vertical_RopeSwing/RopeSwing/RopeSwing2/Content/Imports/Assets/CB/WPN_Crossbow/crossbow_Scope_materl.uasset" 661
"D:/Enti2022-23/Repos/Vertical_RopeSwing/RopeSwing/RopeSwing2/Content/Imports/Assets/CB/WPN_Crossbow/crossbow_Scope_materl.uexp" 662
"D:/Enti2022-23/Repos/Vertical_RopeSwing/RopeSwing/RopeSwing2/Content/Imports/Assets/CB/WPN_Crossbow/WPN_Crossbow_Skeleton.uasset" 663
"D:/Enti2022-23/Repos/Vertical_RopeSwing/RopeSwing/RopeSwing2/Content/Imports/Assets/CB/WPN_Crossbow/WPN_Crossbow_Skeleton.uexp" 664
"D:/Enti2022-23/Repos/Vertical_RopeSwing/RopeSwing/RopeSwing2/Content/Imports/Assets/CB/WPN_Crossbow/WPN_Crossbow_PhysicsAsset.uasset" 665
"D:/Enti2022-23/Repos/Vertical_RopeSwing/RopeSwing/RopeSwing2/Content/Imports/Assets/CB/WPN_Crossbow/WPN_Crossbow_PhysicsAsset.uexp" 666
"D:/Enti2022-23/Repos/Vertical_RopeSwing/RopeSwing/RopeSwing2/Content/Imports/Assets/CB/WPN_Crossbow/WPN_Crossbow.uasset" 667
"D:/Enti2022-23/Repos/Vertical_RopeSwing/RopeSwing/RopeSwing2/Content/Imports/Assets/CB/WPN_Crossbow/WPN_Crossbow.uexp" 668
"D:/Enti2022-23/Repos/Vertical_RopeSwing/RopeSwing/RopeSwing2/Content/Imports/Assets/CB/WPN_Crossbow/Crossbow_textur_upgrade_SP.ubulk" 669
"D:/Enti2022-23/Repos/Vertical_RopeSwing/RopeSwing/RopeSwing2/Content/Imports/Assets/CB/WPN_Crossbow/Crossbow_textur_upgrade_SP.uasset" 670
"D:/Enti2022-23/Repos/Vertical_RopeSwing/RopeSwing/RopeSwing2/Content/Imports/Assets/CB/WPN_Crossbow/Crossbow_textur_upgrade_SP.uexp" 671
"D:/Enti2022-23/Repos/Vertical_RopeSwing/RopeSwing/RopeSwing2/Content/Imports/Assets/CB/WPN_Crossbow/Crossbow_textur_upgrade_N.ubulk" 672
"D:/Enti2022-23/Repos/Vertical_RopeSwing/RopeSwing/RopeSwing2/Content/Imports/Assets/CB/WPN_Crossbow/Crossbow_textur_upgrade_N.uasset" 673
"D:/Enti2022-23/Repos/Vertical_RopeSwing/RopeSwing/RopeSwing2/Content/Imports/Assets/CB/WPN_Crossbow/Crossbow_textur_upgrade_N.uexp" 674
"D:/Enti2022-23/Repos/Vertical_RopeSwing/RopeSwing/RopeSwing2/Content/Imports/Assets/CB/WPN_Crossbow/Crossbow_textur_upgrade_D.ubulk" 675
"D:/Enti2022-23/Repos/Vertical_RopeSwing/RopeSwing/RopeSwing2/Content/Imports/Assets/CB/WPN_Crossbow/Crossbow_textur_upgrade_D.uasset" 676
"D:/Enti2022-23/Repos/Vertical_RopeSwing/RopeSwing/RopeSwing2/Content/Imports/Assets/CB/WPN_Crossbow/Crossbow_textur_upgrade_D.uexp" 677
"D:/Enti2022-23/Repos/Vertical_RopeSwing/RopeSwing/RopeSwing2/Content/Imports/Assets/CB/WPN_Crossbow/Crossbow_textur_SP.ubulk" 678
"D:/Enti2022-23/Repos/Vertical_RopeSwing/RopeSwing/RopeSwing2/Content/Imports/Assets/CB/WPN_Crossbow/Crossbow_textur_SP.uasset" 679
"D:/Enti2022-23/Repos/Vertical_RopeSwing/RopeSwing/RopeSwing2/Content/Imports/Assets/CB/WPN_Crossbow/Crossbow_textur_SP.uexp" 680
"D:/Enti2022-23/Repos/Vertical_RopeSwing/RopeSwing/RopeSwing2/Content/Imports/Assets/CB/WPN_Crossbow/Crossbow_textur_N.ubulk" 681
"D:/Enti2022-23/Repos/Vertical_RopeSwing/RopeSwing/RopeSwing2/Content/Imports/Assets/CB/WPN_Crossbow/Crossbow_textur_N.uasset" 682
"D:/Enti2022-23/Repos/Vertical_RopeSwing/RopeSwing/RopeSwing2/Content/Imports/Assets/CB/WPN_Crossbow/Crossbow_textur_N.uexp" 683
"D:/Enti2022-23/Repos/Vertical_RopeSwing/RopeSwing/RopeSwing2/Content/Imports/Assets/CB/WPN_Crossbow/Crossbow_textur_D.ubulk" 684
"D:/Enti2022-23/Repos/Vertical_RopeSwing/RopeSwing/RopeSwing2/Content/Imports/Assets/CB/WPN_Crossbow/Crossbow_textur_D.uasset" 685
"D:/Enti2022-23/Repos/Vertical_RopeSwing/RopeSwing/RopeSwing2/Content/Imports/Assets/CB/WPN_Crossbow/Crossbow_textur_D.uexp" 686
"D:/Enti2022-23/Repos/Vertical_RopeSwing/RopeSwing/RopeSwing2/Content/Imports/Assets/CB/WPN_Crossbow/crossbow_scope_SP.ubulk" 687
"D:/Enti2022-23/Repos/Vertical_RopeSwing/RopeSwing/RopeSwing2/Content/Imports/Assets/CB/WPN_Crossbow/crossbow_scope_SP.uasset" 688
"D:/Enti2022-23/Repos/Vertical_RopeSwing/RopeSwing/RopeSwing2/Content/Imports/Assets/CB/WPN_Crossbow/crossbow_scope_SP.uexp" 689
"D:/Enti2022-23/Repos/Vertical_RopeSwing/RopeSwing/RopeSwing2/Content/Imports/Assets/CB/WPN_Crossbow/crossbow_scope_N.ubulk" 690
"D:/Enti2022-23/Repos/Vertical_RopeSwing/RopeSwing/RopeSwing2/Content/Imports/Assets/CB/WPN_Crossbow/crossbow_scope_N.uasset" 691
"D:/Enti2022-23/Repos/Vertical_RopeSwing/RopeSwing/RopeSwing2/Content/Imports/Assets/CB/WPN_Crossbow/crossbow_scope_N.uexp" 692
"D:/Enti2022-23/Repos/Vertical_RopeSwing/RopeSwing/RopeSwing2/Content/Imports/Assets/CB/WPN_Crossbow/crossbow_scope_D.ubulk" 693
"D:/Enti2022-23/Repos/Vertical_RopeSwing/RopeSwing/RopeSwing2/Content/Imports/Assets/CB/WPN_Crossbow/crossbow_scope_D.uasset" 694
"D:/Enti2022-23/Repos/Vertical_RopeSwing/RopeSwing/RopeSwing2/Content/Imports/Assets/CB/WPN_Crossbow/crossbow_scope_D.uexp" 695
"D:/Enti2022-23/Repos/Vertical_RopeSwing/RopeSwing/RopeSwing2/Content/Imports/Assets/AR/WPN_AssaultRifle/WPN_AssaultRifle_PhysicsAsset.uasset" 696
"D:/Enti2022-23/Repos/Vertical_RopeSwing/RopeSwing/RopeSwing2/Content/Imports/Assets/AR/WPN_AssaultRifle/WPN_AssaultRifle_PhysicsAsset.uexp" 697
"D:/Enti2022-23/Repos/Vertical_RopeSwing/RopeSwing/RopeSwing2/Content/Imports/Assets/AR/WPN_AssaultRifle/AssRfl_mat.uasset" 698
"D:/Enti2022-23/Repos/Vertical_RopeSwing/RopeSwing/RopeSwing2/Content/Imports/Assets/AR/WPN_AssaultRifle/AssRfl_mat.uexp" 699
"D:/Enti2022-23/Repos/Vertical_RopeSwing/RopeSwing/RopeSwing2/Content/Imports/Assets/AR/WPN_AssaultRifle/WPN_AssaultRifle_Skeleton.uasset" 700
"D:/Enti2022-23/Repos/Vertical_RopeSwing/RopeSwing/RopeSwing2/Content/Imports/Assets/AR/WPN_AssaultRifle/WPN_AssaultRifle_Skeleton.uexp" 701
"D:/Enti2022-23/Repos/Vertical_RopeSwing/RopeSwing/RopeSwing2/Content/Imports/Assets/AR/WPN_AssaultRifle/WPN_AssaultRifle.uasset" 702
"D:/Enti2022-23/Repos/Vertical_RopeSwing/RopeSwing/RopeSwing2/Content/Imports/Assets/AR/WPN_AssaultRifle/WPN_AssaultRifle.uexp" 703
"D:/Enti2022-23/Repos/Vertical_RopeSwing/RopeSwing/RopeSwing2/Content/Imports/Assets/AR/WPN_AssaultRifle/assual_riflex_textur_SP.ubulk" 704
"D:/Enti2022-23/Repos/Vertical_RopeSwing/RopeSwing/RopeSwing2/Content/Imports/Assets/AR/WPN_AssaultRifle/assual_riflex_textur_SP.uasset" 705
"D:/Enti2022-23/Repos/Vertical_RopeSwing/RopeSwing/RopeSwing2/Content/Imports/Assets/AR/WPN_AssaultRifle/assual_riflex_textur_SP.uexp" 706
"D:/Enti2022-23/Repos/Vertical_RopeSwing/RopeSwing/RopeSwing2/Content/Imports/Assets/AR/WPN_AssaultRifle/assual_riflex_textur_N.ubulk" 707
"D:/Enti2022-23/Repos/Vertical_RopeSwing/RopeSwing/RopeSwing2/Content/Imports/Assets/AR/WPN_AssaultRifle/assual_riflex_textur_N.uasset" 708
"D:/Enti2022-23/Repos/Vertical_RopeSwing/RopeSwing/RopeSwing2/Content/Imports/Assets/AR/WPN_AssaultRifle/assual_riflex_textur_N.uexp" 709
"D:/Enti2022-23/Repos/Vertical_RopeSwing/RopeSwing/RopeSwing2/Content/Imports/Assets/AR/WPN_AssaultRifle/assual_riflex_textur_D.ubulk" 710
"D:/Enti2022-23/Repos/Vertical_RopeSwing/RopeSwing/RopeSwing2/Content/Imports/Assets/AR/WPN_AssaultRifle/assual_riflex_textur_D.uasset" 711
"D:/Enti2022-23/Repos/Vertical_RopeSwing/RopeSwing/RopeSwing2/Content/Imports/Assets/AR/WPN_AssaultRifle/assual_riflex_textur_D.uexp" 712
"D:/Enti2022-23/Repos/Vertical_RopeSwing/RopeSwing/RopeSwing2/Content/Imports/Assets/Skeletons/Textures/Wayne/hm61-02_NMout.ubulk" 713
"D:/Enti2022-23/Repos/Vertical_RopeSwing/RopeSwing/RopeSwing2/Content/Imports/Assets/Skeletons/Textures/Wayne/hm61-02_NMout.uasset" 714
"D:/Enti2022-23/Repos/Vertical_RopeSwing/RopeSwing/RopeSwing2/Content/Imports/Assets/Skeletons/Textures/Wayne/hm61-02_NMout.uexp" 715
"D:/Enti2022-23/Repos/Vertical_RopeSwing/RopeSwing/RopeSwing2/Content/Imports/Assets/Skeletons/Textures/Wayne/hm61-02_MMout.ubulk" 716
"D:/Enti2022-23/Repos/Vertical_RopeSwing/RopeSwing/RopeSwing2/Content/Imports/Assets/Skeletons/Textures/Wayne/hm61-02_MMout.uasset" 717
"D:/Enti2022-23/Repos/Vertical_RopeSwing/RopeSwing/RopeSwing2/Content/Imports/Assets/Skeletons/Textures/Wayne/hm61-02_MMout.uexp" 718
"D:/Enti2022-23/Repos/Vertical_RopeSwing/RopeSwing/RopeSwing2/Content/Imports/Assets/Skeletons/Textures/Wayne/hm61-02_BMout.ubulk" 719
"D:/Enti2022-23/Repos/Vertical_RopeSwing/RopeSwing/RopeSwing2/Content/Imports/Assets/Skeletons/Textures/Wayne/hm61-02_BMout.uasset" 720
"D:/Enti2022-23/Repos/Vertical_RopeSwing/RopeSwing/RopeSwing2/Content/Imports/Assets/Skeletons/Textures/Wayne/hm61-02_BMout.uexp" 721
"D:/Enti2022-23/Repos/Vertical_RopeSwing/RopeSwing/RopeSwing2/Content/Imports/Assets/Skeletons/Textures/Wayne/hm61-01_NMout.ubulk" 722
"D:/Enti2022-23/Repos/Vertical_RopeSwing/RopeSwing/RopeSwing2/Content/Imports/Assets/Skeletons/Textures/Wayne/hm61-01_NMout.uasset" 723
"D:/Enti2022-23/Repos/Vertical_RopeSwing/RopeSwing/RopeSwing2/Content/Imports/Assets/Skeletons/Textures/Wayne/hm61-01_NMout.uexp" 724
"D:/Enti2022-23/Repos/Vertical_RopeSwing/RopeSwing/RopeSwing2/Content/Imports/Assets/Skeletons/Textures/Wayne/hm61-01_MMout.ubulk" 725
"D:/Enti2022-23/Repos/Vertical_RopeSwing/RopeSwing/RopeSwing2/Content/Imports/Assets/Skeletons/Textures/Wayne/hm61-01_MMout.uasset" 726
"D:/Enti2022-23/Repos/Vertical_RopeSwing/RopeSwing/RopeSwing2/Content/Imports/Assets/Skeletons/Textures/Wayne/hm61-01_MMout.uexp" 727
"D:/Enti2022-23/Repos/Vertical_RopeSwing/RopeSwing/RopeSwing2/Content/Imports/Assets/Skeletons/Textures/Wayne/hm61-00_NMout.ubulk" 728
"D:/Enti2022-23/Repos/Vertical_RopeSwing/RopeSwing/RopeSwing2/Content/Imports/Assets/Skeletons/Textures/Wayne/hm61-00_NMout.uasset" 729
"D:/Enti2022-23/Repos/Vertical_RopeSwing/RopeSwing/RopeSwing2/Content/Imports/Assets/Skeletons/Textures/Wayne/hm61-00_NMout.uexp" 730
"D:/Enti2022-23/Repos/Vertical_RopeSwing/RopeSwing/RopeSwing2/Content/Imports/Assets/Skeletons/Textures/Wayne/hm61-00_MMout.ubulk" 731
"D:/Enti2022-23/Repos/Vertical_RopeSwing/RopeSwing/RopeSwing2/Content/Imports/Assets/Skeletons/Textures/Wayne/hm61-00_MMout.uasset" 732
"D:/Enti2022-23/Repos/Vertical_RopeSwing/RopeSwing/RopeSwing2/Content/Imports/Assets/Skeletons/Textures/Wayne/hm61-00_MMout.uexp" 733
"D:/Enti2022-23/Repos/Vertical_RopeSwing/RopeSwing/RopeSwing2/Content/Imports/Assets/Skeletons/Textures/Wayne/hm61-00_BMout.ubulk" 734
"D:/Enti2022-23/Repos/Vertical_RopeSwing/RopeSwing/RopeSwing2/Content/Imports/Assets/Skeletons/Textures/Wayne/hm61-00_BMout.uasset" 735
"D:/Enti2022-23/Repos/Vertical_RopeSwing/RopeSwing/RopeSwing2/Content/Imports/Assets/Skeletons/Textures/Wayne/hm61-00_BMout.uexp" 736
"D:/Enti2022-23/Repos/Vertical_RopeSwing/RopeSwing/RopeSwing2/Content/Imports/Assets/Skeletons/Textures/Nevec/hm45_NM-01out.ubulk" 737
"D:/Enti2022-23/Repos/Vertical_RopeSwing/RopeSwing/RopeSwing2/Content/Imports/Assets/Skeletons/Textures/Nevec/hm45_NM-01out.uasset" 738
"D:/Enti2022-23/Repos/Vertical_RopeSwing/RopeSwing/RopeSwing2/Content/Imports/Assets/Skeletons/Textures/Nevec/hm45_NM-01out.uexp" 739
"D:/Enti2022-23/Repos/Vertical_RopeSwing/RopeSwing/RopeSwing2/Content/Imports/Assets/Skeletons/Textures/Nevec/hm45_NM-00out.ubulk" 740
"D:/Enti2022-23/Repos/Vertical_RopeSwing/RopeSwing/RopeSwing2/Content/Imports/Assets/Skeletons/Textures/Nevec/hm45_NM-00out.uasset" 741
"D:/Enti2022-23/Repos/Vertical_RopeSwing/RopeSwing/RopeSwing2/Content/Imports/Assets/Skeletons/Textures/Nevec/hm45_NM-00out.uexp" 742
"D:/Enti2022-23/Repos/Vertical_RopeSwing/RopeSwing/RopeSwing2/Content/Imports/Assets/Skeletons/Textures/Nevec/hm45_MM-01out.ubulk" 743
"D:/Enti2022-23/Repos/Vertical_RopeSwing/RopeSwing/RopeSwing2/Content/Imports/Assets/Skeletons/Textures/Nevec/hm45_MM-01out.uasset" 744
"D:/Enti2022-23/Repos/Vertical_RopeSwing/RopeSwing/RopeSwing2/Content/Imports/Assets/Skeletons/Textures/Nevec/hm45_MM-01out.uexp" 745
"D:/Enti2022-23/Repos/Vertical_RopeSwing/RopeSwing/RopeSwing2/Content/Imports/Assets/Skeletons/Textures/Nevec/hm45_MM-00out.ubulk" 746
"D:/Enti2022-23/Repos/Vertical_RopeSwing/RopeSwing/RopeSwing2/Content/Imports/Assets/Skeletons/Textures/Nevec/hm45_MM-00out.uasset" 747
"D:/Enti2022-23/Repos/Vertical_RopeSwing/RopeSwing/RopeSwing2/Content/Imports/Assets/Skeletons/Textures/Nevec/hm45_MM-00out.uexp" 748
"D:/Enti2022-23/Repos/Vertical_RopeSwing/RopeSwing/RopeSwing2/Content/Imports/Assets/Skeletons/Textures/Nevec/hm45_BM-01out.ubulk" 749
"D:/Enti2022-23/Repos/Vertical_RopeSwing/RopeSwing/RopeSwing2/Content/Imports/Assets/Skeletons/Textures/Nevec/hm45_BM-01out.uasset" 750
"D:/Enti2022-23/Repos/Vertical_RopeSwing/RopeSwing/RopeSwing2/Content/Imports/Assets/Skeletons/Textures/Nevec/hm45_BM-01out.uexp" 751
"D:/Enti2022-23/Repos/Vertical_RopeSwing/RopeSwing/RopeSwing2/Content/Imports/Assets/Skeletons/Textures/Nevec/hm45_BM-00out.ubulk" 752
"D:/Enti2022-23/Repos/Vertical_RopeSwing/RopeSwing/RopeSwing2/Content/Imports/Assets/Skeletons/Textures/Nevec/hm45_BM-00out.uasset" 753
"D:/Enti2022-23/Repos/Vertical_RopeSwing/RopeSwing/RopeSwing2/Content/Imports/Assets/Skeletons/Textures/Nevec/hm45_BM-00out.uexp" 754
"D:/Enti2022-23/Repos/Vertical_RopeSwing/RopeSwing/RopeSwing2/Content/Imports/Assets/AR/WPN_AssaultRifle/WPN_AssaultRifle/assual_riflex_textur_SP.ubulk" 755
"D:/Enti2022-23/Repos/Vertical_RopeSwing/RopeSwing/RopeSwing2/Content/Imports/Assets/AR/WPN_AssaultRifle/WPN_AssaultRifle/assual_riflex_textur_SP.uasset" 756
"D:/Enti2022-23/Repos/Vertical_RopeSwing/RopeSwing/RopeSwing2/Content/Imports/Assets/AR/WPN_AssaultRifle/WPN_AssaultRifle/assual_riflex_textur_SP.uexp" 757
"D:/Enti2022-23/Repos/Vertical_RopeSwing/RopeSwing/RopeSwing2/Content/Imports/Assets/AR/WPN_AssaultRifle/WPN_AssaultRifle/assual_riflex_textur_D.ubulk" 758
"D:/Enti2022-23/Repos/Vertical_RopeSwing/RopeSwing/RopeSwing2/Content/Imports/Assets/AR/WPN_AssaultRifle/WPN_AssaultRifle/assual_riflex_textur_D.uasset" 759
"D:/Enti2022-23/Repos/Vertical_RopeSwing/RopeSwing/RopeSwing2/Content/Imports/Assets/AR/WPN_AssaultRifle/WPN_AssaultRifle/assual_riflex_textur_D.uexp" 760
"../../../Engine/Content/MobileResources/HUD/VirtualJoystick_Background.uasset" 761
"../../../Engine/Content/MobileResources/HUD/VirtualJoystick_Background.uexp" 762
"../../../Engine/Content/MobileResources/HUD/VirtualJoystick_Thumb.uasset" 763
"../../../Engine/Content/MobileResources/HUD/VirtualJoystick_Thumb.uexp" 764
"../../../Engine/Content/MobileResources/HUD/DefaultVirtualJoysticks.uasset" 765
"../../../Engine/Content/MobileResources/HUD/DefaultVirtualJoysticks.uexp" 766
"../../../Engine/Content/Functions/Engine_MaterialFunctions01/Shading/PowerToRoughness.uasset" 767
"../../../Engine/Content/Functions/Engine_MaterialFunctions01/Shading/PowerToRoughness.uexp" 768
"../../../Engine/Content/Functions/Engine_MaterialFunctions01/Shading/ConvertFromDiffSpec.uasset" 769
"../../../Engine/Content/Functions/Engine_MaterialFunctions01/Shading/ConvertFromDiffSpec.uexp" 770
"../../../Engine/Content/EngineSky/VolumetricClouds/CloudWeatherTexture.uasset" 771
"../../../Engine/Content/EngineSky/VolumetricClouds/CloudWeatherTexture.uexp" 772
"../../../Engine/Content/Functions/Engine_MaterialFunctions02/Utility/MakeFloat2.uasset" 773
"../../../Engine/Content/Functions/Engine_MaterialFunctions02/Utility/MakeFloat2.uexp" 774
"../../../Engine/Content/EngineSky/VolumetricClouds/CloudGradientTexture.uasset" 775
"../../../Engine/Content/EngineSky/VolumetricClouds/CloudGradientTexture.uexp" 776
"../../../Engine/Content/EngineSky/VolumetricClouds/T_NoiseShape64.ubulk" 777
"../../../Engine/Content/EngineSky/VolumetricClouds/T_NoiseShape64.uasset" 778
"../../../Engine/Content/EngineSky/VolumetricClouds/T_NoiseShape64.uexp" 779
"../../../Engine/Content/EngineSky/VolumetricClouds/T_VolumeNoiseShape64.uasset" 780
"../../../Engine/Content/EngineSky/VolumetricClouds/T_VolumeNoiseShape64.uexp" 781
"../../../Engine/Content/EngineSky/VolumetricClouds/T_NoiseErosion.ubulk" 782
"../../../Engine/Content/EngineSky/VolumetricClouds/T_NoiseErosion.uasset" 783
"../../../Engine/Content/EngineSky/VolumetricClouds/T_NoiseErosion.uexp" 784
"../../../Engine/Content/EngineSky/VolumetricClouds/T_VolumeNoiseErosion32.uasset" 785
"../../../Engine/Content/EngineSky/VolumetricClouds/T_VolumeNoiseErosion32.uexp" 786
"../../../Engine/Content/EngineSky/VolumetricClouds/m_SimpleVolumetricCloud.uasset" 787
"../../../Engine/Content/EngineSky/VolumetricClouds/m_SimpleVolumetricCloud.uexp" 788
"../../../Engine/Content/EngineSky/VolumetricClouds/m_SimpleVolumetricCloud_Inst.uasset" 789
"../../../Engine/Content/EngineSky/VolumetricClouds/m_SimpleVolumetricCloud_Inst.uexp" 790
"../../../Engine/Content/EngineResources/FilmGrains/Marcie_Grain_v3_128_M2_000.uasset" 791
"../../../Engine/Content/EngineResources/FilmGrains/Marcie_Grain_v3_128_M2_000.uexp" 792
"../../../Engine/Content/EditorResources/SequenceRecorder/RecordingIndicator.uasset" 793
"../../../Engine/Content/EditorResources/SequenceRecorder/RecordingIndicator.uexp" 794
"../../../Engine/Content/EditorResources/SequenceRecorder/Countdown.uasset" 795
"../../../Engine/Content/EditorResources/SequenceRecorder/Countdown.uexp" 796
"D:/Enti2022-23/Repos/Vertical_RopeSwing/RopeSwing/RopeSwing2/Content/Imports/Assets/Nevec_Anims/walking_backwards.uasset" 797
"D:/Enti2022-23/Repos/Vertical_RopeSwing/RopeSwing/RopeSwing2/Content/Imports/Assets/Nevec_Anims/walking_backwards.uexp" 798
"D:/Enti2022-23/Repos/Vertical_RopeSwing/RopeSwing/RopeSwing2/Content/Imports/Assets/Nevec_Anims/walking.uasset" 799
"D:/Enti2022-23/Repos/Vertical_RopeSwing/RopeSwing/RopeSwing2/Content/Imports/Assets/Nevec_Anims/walking.uexp" 800
"D:/Enti2022-23/Repos/Vertical_RopeSwing/RopeSwing/RopeSwing2/Content/Imports/Assets/Nevec_Anims/turn_left.uasset" 801
"D:/Enti2022-23/Repos/Vertical_RopeSwing/RopeSwing/RopeSwing2/Content/Imports/Assets/Nevec_Anims/turn_left.uexp" 802
"D:/Enti2022-23/Repos/Vertical_RopeSwing/RopeSwing/RopeSwing2/Content/Imports/Assets/Nevec_Anims/turning_right_45_degrees.uasset" 803
"D:/Enti2022-23/Repos/Vertical_RopeSwing/RopeSwing/RopeSwing2/Content/Imports/Assets/Nevec_Anims/turning_right_45_degrees.uexp" 804
"D:/Enti2022-23/Repos/Vertical_RopeSwing/RopeSwing/RopeSwing2/Content/Imports/Assets/Nevec_Anims/toss_grenade.uasset" 805
"D:/Enti2022-23/Repos/Vertical_RopeSwing/RopeSwing/RopeSwing2/Content/Imports/Assets/Nevec_Anims/toss_grenade.uexp" 806
"D:/Enti2022-23/Repos/Vertical_RopeSwing/RopeSwing/RopeSwing2/Content/Imports/Assets/Nevec_Anims/strafe__2_.uasset" 807
"D:/Enti2022-23/Repos/Vertical_RopeSwing/RopeSwing/RopeSwing2/Content/Imports/Assets/Nevec_Anims/strafe__2_.uexp" 808
"D:/Enti2022-23/Repos/Vertical_RopeSwing/RopeSwing/RopeSwing2/Content/Imports/Assets/Nevec_Anims/strafe_right.uasset" 809
"D:/Enti2022-23/Repos/Vertical_RopeSwing/RopeSwing/RopeSwing2/Content/Imports/Assets/Nevec_Anims/strafe_right.uexp" 810
"D:/Enti2022-23/Repos/Vertical_RopeSwing/RopeSwing/RopeSwing2/Content/Imports/Assets/Nevec_Anims/strafe_left.uasset" 811
"D:/Enti2022-23/Repos/Vertical_RopeSwing/RopeSwing/RopeSwing2/Content/Imports/Assets/Nevec_Anims/strafe_left.uexp" 812
"D:/Enti2022-23/Repos/Vertical_RopeSwing/RopeSwing/RopeSwing2/Content/Imports/Assets/Nevec_Anims/strafe.uasset" 813
"D:/Enti2022-23/Repos/Vertical_RopeSwing/RopeSwing/RopeSwing2/Content/Imports/Assets/Nevec_Anims/strafe.uexp" 814
"D:/Enti2022-23/Repos/Vertical_RopeSwing/RopeSwing/RopeSwing2/Content/Imports/Assets/Nevec_Anims/run_backwards.uasset" 815
"D:/Enti2022-23/Repos/Vertical_RopeSwing/RopeSwing/RopeSwing2/Content/Imports/Assets/Nevec_Anims/run_backwards.uexp" 816
"D:/Enti2022-23/Repos/Vertical_RopeSwing/RopeSwing/RopeSwing2/Content/Imports/Assets/Nevec_Anims/rifle_run.uasset" 817
"D:/Enti2022-23/Repos/Vertical_RopeSwing/RopeSwing/RopeSwing2/Content/Imports/Assets/Nevec_Anims/rifle_run.uexp" 818
"D:/Enti2022-23/Repos/Vertical_RopeSwing/RopeSwing/RopeSwing2/Content/Imports/Assets/Nevec_Anims/rifle_jump.uasset" 819
"D:/Enti2022-23/Repos/Vertical_RopeSwing/RopeSwing/RopeSwing2/Content/Imports/Assets/Nevec_Anims/rifle_jump.uexp" 820
"D:/Enti2022-23/Repos/Vertical_RopeSwing/RopeSwing/RopeSwing2/Content/Imports/Assets/Nevec_Anims/rifle_aiming_idle.uasset" 821
"D:/Enti2022-23/Repos/Vertical_RopeSwing/RopeSwing/RopeSwing2/Content/Imports/Assets/Nevec_Anims/rifle_aiming_idle.uexp" 822
"D:/Enti2022-23/Repos/Vertical_RopeSwing/RopeSwing/RopeSwing2/Content/Imports/Assets/Nevec_Anims/reloading.uasset" 823
"D:/Enti2022-23/Repos/Vertical_RopeSwing/RopeSwing/RopeSwing2/Content/Imports/Assets/Nevec_Anims/reloading.uexp" 824
"D:/Enti2022-23/Repos/Vertical_RopeSwing/RopeSwing/RopeSwing2/Content/Imports/Assets/Nevec_Anims/nevec.uasset" 825
"D:/Enti2022-23/Repos/Vertical_RopeSwing/RopeSwing/RopeSwing2/Content/Imports/Assets/Nevec_Anims/nevec.uexp" 826
"D:/Enti2022-23/Repos/Vertical_RopeSwing/RopeSwing/RopeSwing2/Content/Imports/Assets/Nevec_Anims/hit_reaction.uasset" 827
"D:/Enti2022-23/Repos/Vertical_RopeSwing/RopeSwing/RopeSwing2/Content/Imports/Assets/Nevec_Anims/hit_reaction.uexp" 828
"D:/Enti2022-23/Repos/Vertical_RopeSwing/RopeSwing/RopeSwing2/Content/Imports/Assets/Nevec_Anims/firing_rifle.uasset" 829
"D:/Enti2022-23/Repos/Vertical_RopeSwing/RopeSwing/RopeSwing2/Content/Imports/Assets/Nevec_Anims/firing_rifle.uexp" 830
"D:/Enti2022-23/Repos/Vertical_RopeSwing/RopeSwing/RopeSwing2/Content/Imports/Assets/PC_Imports/Anims/stand_to_cover__2_.uasset" 831
"D:/Enti2022-23/Repos/Vertical_RopeSwing/RopeSwing/RopeSwing2/Content/Imports/Assets/PC_Imports/Anims/stand_to_cover__2_.uexp" 832
"D:/Enti2022-23/Repos/Vertical_RopeSwing/RopeSwing/RopeSwing2/Content/Imports/Assets/PC_Imports/Anims/stand_to_cover.uasset" 833
"D:/Enti2022-23/Repos/Vertical_RopeSwing/RopeSwing/RopeSwing2/Content/Imports/Assets/PC_Imports/Anims/stand_to_cover.uexp" 834
"D:/Enti2022-23/Repos/Vertical_RopeSwing/RopeSwing/RopeSwing2/Content/Imports/Assets/PC_Imports/Anims/run_to_stop.uasset" 835
"D:/Enti2022-23/Repos/Vertical_RopeSwing/RopeSwing/RopeSwing2/Content/Imports/Assets/PC_Imports/Anims/run_to_stop.uexp" 836
"D:/Enti2022-23/Repos/Vertical_RopeSwing/RopeSwing/RopeSwing2/Content/Imports/Assets/PC_Imports/Anims/right_turn.uasset" 837
"D:/Enti2022-23/Repos/Vertical_RopeSwing/RopeSwing/RopeSwing2/Content/Imports/Assets/PC_Imports/Anims/right_turn.uexp" 838
"D:/Enti2022-23/Repos/Vertical_RopeSwing/RopeSwing/RopeSwing2/Content/Imports/Assets/PC_Imports/Anims/right_cover_sneak.uasset" 839
"D:/Enti2022-23/Repos/Vertical_RopeSwing/RopeSwing/RopeSwing2/Content/Imports/Assets/PC_Imports/Anims/right_cover_sneak.uexp" 840
"D:/Enti2022-23/Repos/Vertical_RopeSwing/RopeSwing/RopeSwing2/Content/Imports/Assets/PC_Imports/Anims/left_turn.uasset" 841
"D:/Enti2022-23/Repos/Vertical_RopeSwing/RopeSwing/RopeSwing2/Content/Imports/Assets/PC_Imports/Anims/left_turn.uexp" 842
"D:/Enti2022-23/Repos/Vertical_RopeSwing/RopeSwing/RopeSwing2/Content/Imports/Assets/PC_Imports/Anims/left_cover_sneak.uasset" 843
"D:/Enti2022-23/Repos/Vertical_RopeSwing/RopeSwing/RopeSwing2/Content/Imports/Assets/PC_Imports/Anims/left_cover_sneak.uexp" 844
"D:/Enti2022-23/Repos/Vertical_RopeSwing/RopeSwing/RopeSwing2/Content/Imports/Assets/PC_Imports/Anims/idle__5_.uasset" 845
"D:/Enti2022-23/Repos/Vertical_RopeSwing/RopeSwing/RopeSwing2/Content/Imports/Assets/PC_Imports/Anims/idle__5_.uexp" 846
"D:/Enti2022-23/Repos/Vertical_RopeSwing/RopeSwing/RopeSwing2/Content/Imports/Assets/PC_Imports/Anims/idle__4_.uasset" 847
"D:/Enti2022-23/Repos/Vertical_RopeSwing/RopeSwing/RopeSwing2/Content/Imports/Assets/PC_Imports/Anims/idle__4_.uexp" 848
"D:/Enti2022-23/Repos/Vertical_RopeSwing/RopeSwing/RopeSwing2/Content/Imports/Assets/PC_Imports/Anims/idle__3_.uasset" 849
"D:/Enti2022-23/Repos/Vertical_RopeSwing/RopeSwing/RopeSwing2/Content/Imports/Assets/PC_Imports/Anims/idle__3_.uexp" 850
"D:/Enti2022-23/Repos/Vertical_RopeSwing/RopeSwing/RopeSwing2/Content/Imports/Assets/PC_Imports/Anims/idle.uasset" 851
"D:/Enti2022-23/Repos/Vertical_RopeSwing/RopeSwing/RopeSwing2/Content/Imports/Assets/PC_Imports/Anims/idle.uexp" 852
"D:/Enti2022-23/Repos/Vertical_RopeSwing/RopeSwing/RopeSwing2/Content/Imports/Assets/PC_Imports/Anims/hard_landing.uasset" 853
"D:/Enti2022-23/Repos/Vertical_RopeSwing/RopeSwing/RopeSwing2/Content/Imports/Assets/PC_Imports/Anims/hard_landing.uexp" 854
"D:/Enti2022-23/Repos/Vertical_RopeSwing/RopeSwing/RopeSwing2/Content/Imports/Assets/PC_Imports/Anims/falling_to_roll.uasset" 855
"D:/Enti2022-23/Repos/Vertical_RopeSwing/RopeSwing/RopeSwing2/Content/Imports/Assets/PC_Imports/Anims/falling_to_roll.uexp" 856
"D:/Enti2022-23/Repos/Vertical_RopeSwing/RopeSwing/RopeSwing2/Content/Imports/Assets/PC_Imports/Anims/crouched_sneaking_right.uasset" 857
"D:/Enti2022-23/Repos/Vertical_RopeSwing/RopeSwing/RopeSwing2/Content/Imports/Assets/PC_Imports/Anims/crouched_sneaking_right.uexp" 858
"D:/Enti2022-23/Repos/Vertical_RopeSwing/RopeSwing/RopeSwing2/Content/Imports/Assets/PC_Imports/Anims/crouched_sneaking_left.uasset" 859
"D:/Enti2022-23/Repos/Vertical_RopeSwing/RopeSwing/RopeSwing2/Content/Imports/Assets/PC_Imports/Anims/crouched_sneaking_left.uexp" 860
"D:/Enti2022-23/Repos/Vertical_RopeSwing/RopeSwing/RopeSwing2/Content/Imports/Assets/PC_Imports/Anims/cover_to_stand__2_.uasset" 861
"D:/Enti2022-23/Repos/Vertical_RopeSwing/RopeSwing/RopeSwing2/Content/Imports/Assets/PC_Imports/Anims/cover_to_stand__2_.uexp" 862
"D:/Enti2022-23/Repos/Vertical_RopeSwing/RopeSwing/RopeSwing2/Content/Imports/Assets/PC_Imports/Anims/cover_to_stand.uasset" 863
"D:/Enti2022-23/Repos/Vertical_RopeSwing/RopeSwing/RopeSwing2/Content/Imports/Assets/PC_Imports/Anims/cover_to_stand.uexp" 864
"../../../Engine/Content/Maps/Entry_BuiltData.uasset" 865
"../../../Engine/Content/Maps/Entry_BuiltData.uexp" 866
"../../../Engine/Content/Maps/Entry.uexp" 867
"../../../Engine/Content/Maps/Entry.umap" 868
"../../../Engine/Content/BasicShapes/Cube.ubulk" 869
"../../../Engine/Content/BasicShapes/Cube.uasset" 870
"../../../Engine/Content/BasicShapes/Cube.uexp" 871
"D:/Enti2022-23/Repos/Vertical_RopeSwing/RopeSwing/RopeSwing2/Content/Imports/Sound/peaceful-ambient-background-music-skyfields-197607.ubulk" 872
"D:/Enti2022-23/Repos/Vertical_RopeSwing/RopeSwing/RopeSwing2/Content/Imports/Sound/peaceful-ambient-background-music-skyfields-197607.uasset" 873
"D:/Enti2022-23/Repos/Vertical_RopeSwing/RopeSwing/RopeSwing2/Content/Imports/Sound/peaceful-ambient-background-music-skyfields-197607.uexp" 874
"D:/Enti2022-23/Repos/Vertical_RopeSwing/RopeSwing/RopeSwing2/Content/Blueprints/Timer/BP_FinishLine.uasset" 875
"D:/Enti2022-23/Repos/Vertical_RopeSwing/RopeSwing/RopeSwing2/Content/Blueprints/Timer/BP_FinishLine.uexp" 876
"D:/Enti2022-23/Repos/Vertical_RopeSwing/RopeSwing/RopeSwing2/Content/LevelPrototyping/FloatingText/BP_FloatingText.uasset" 877
"D:/Enti2022-23/Repos/Vertical_RopeSwing/RopeSwing/RopeSwing2/Content/LevelPrototyping/FloatingText/BP_FloatingText.uexp" 878
"D:/Enti2022-23/Repos/Vertical_RopeSwing/RopeSwing/RopeSwing2/Content/Levels/Testbed_BuiltData.ubulk" 879
"D:/Enti2022-23/Repos/Vertical_RopeSwing/RopeSwing/RopeSwing2/Content/Levels/Testbed_BuiltData.uasset" 880
"D:/Enti2022-23/Repos/Vertical_RopeSwing/RopeSwing/RopeSwing2/Content/Levels/Testbed_BuiltData.uexp" 881
"D:/Enti2022-23/Repos/Vertical_RopeSwing/RopeSwing/RopeSwing2/Content/Levels/Testbed.uexp" 882
"D:/Enti2022-23/Repos/Vertical_RopeSwing/RopeSwing/RopeSwing2/Content/Levels/Testbed.umap" 883
"D:/Enti2022-23/Repos/Vertical_RopeSwing/RopeSwing/RopeSwing2/Content/Imports/placeholder-social.uasset" 884
"D:/Enti2022-23/Repos/Vertical_RopeSwing/RopeSwing/RopeSwing2/Content/Imports/placeholder-social.uexp" 885
"D:/Enti2022-23/Repos/Vertical_RopeSwing/RopeSwing/RopeSwing2/Content/Widgets/W_MainMenu.uasset" 886
"D:/Enti2022-23/Repos/Vertical_RopeSwing/RopeSwing/RopeSwing2/Content/Widgets/W_MainMenu.uexp" 887
"D:/Enti2022-23/Repos/Vertical_RopeSwing/RopeSwing/RopeSwing2/Content/Blueprints/GameModes/MenuGameMode.uasset" 888
"D:/Enti2022-23/Repos/Vertical_RopeSwing/RopeSwing/RopeSwing2/Content/Blueprints/GameModes/MenuGameMode.uexp" 889
"D:/Enti2022-23/Repos/Vertical_RopeSwing/RopeSwing/RopeSwing2/Content/Levels/MainMenuMap.uexp" 890
"D:/Enti2022-23/Repos/Vertical_RopeSwing/RopeSwing/RopeSwing2/Content/Levels/MainMenuMap.umap" 891
